<?xml version="1.0" encoding="UTF-8"?>
<!-- Generated by org.testng.reporters.JUnitXMLReporter -->
<testsuite hostname="Prog-PC" ignored="0" name="randGen test" tests="324" failures="0" timestamp="2019-11-19T12:14:26 IST" time="1560.302" errors="0">
  <testcase name="RandomNumberGeneratorTest" time="5.262" classname="tests.RandomNumberGeneratorTests"/>
  <testcase name="RandomNumberGeneratorTest" time="22.478" classname="tests.RandomNumberGeneratorTests"/>
  <testcase name="RandomNumberGeneratorTest" time="3.961" classname="tests.RandomNumberGeneratorTests"/>
  <testcase name="RandomNumberGeneratorTest" time="4.431" classname="tests.RandomNumberGeneratorTests"/>
  <testcase name="RandomNumberGeneratorTest" time="1.523" classname="tests.RandomNumberGeneratorTests"/>
  <testcase name="RandomNumberGeneratorTest" time="2.123" classname="tests.RandomNumberGeneratorTests"/>
  <testcase name="RandomNumberGeneratorTest" time="1.542" classname="tests.RandomNumberGeneratorTests"/>
  <testcase name="RandomNumberGeneratorTest" time="23.232" classname="tests.RandomNumberGeneratorTests"/>
  <testcase name="RandomNumberGeneratorTest" time="22.512" classname="tests.RandomNumberGeneratorTests"/>
  <testcase name="RandomNumberGeneratorTest" time="22.703" classname="tests.RandomNumberGeneratorTests"/>
  <testcase name="RandomNumberGeneratorTest" time="22.707" classname="tests.RandomNumberGeneratorTests"/>
  <testcase name="RandomNumberGeneratorTest" time="16.542" classname="tests.RandomNumberGeneratorTests"/>
  <testcase name="RandomNumberGeneratorTest" time="16.848" classname="tests.RandomNumberGeneratorTests"/>
  <testcase name="RandomNumberGeneratorTest" time="16.668" classname="tests.RandomNumberGeneratorTests"/>
  <testcase name="RandomNumberGeneratorTest" time="17.074" classname="tests.RandomNumberGeneratorTests"/>
  <testcase name="RandomNumberGeneratorTest" time="18.059" classname="tests.RandomNumberGeneratorTests"/>
  <testcase name="RandomNumberGeneratorTest" time="17.039" classname="tests.RandomNumberGeneratorTests"/>
  <testcase name="RandomNumberGeneratorTest" time="4.307" classname="tests.RandomNumberGeneratorTests"/>
  <testcase name="RandomNumberGeneratorTest" time="3.04" classname="tests.RandomNumberGeneratorTests"/>
  <testcase name="RandomNumberGeneratorTest" time="1.359" classname="tests.RandomNumberGeneratorTests"/>
  <testcase name="RandomNumberGeneratorTest" time="2.862" classname="tests.RandomNumberGeneratorTests"/>
  <testcase name="RandomNumberGeneratorTest" time="1.565" classname="tests.RandomNumberGeneratorTests"/>
  <testcase name="RandomNumberGeneratorTest" time="4.065" classname="tests.RandomNumberGeneratorTests"/>
  <testcase name="RandomNumberGeneratorTest" time="2.013" classname="tests.RandomNumberGeneratorTests"/>
  <testcase name="RandomNumberGeneratorTest" time="3.02" classname="tests.RandomNumberGeneratorTests"/>
  <testcase name="RandomNumberGeneratorTest" time="1.936" classname="tests.RandomNumberGeneratorTests"/>
  <testcase name="RandomNumberGeneratorTest" time="1.923" classname="tests.RandomNumberGeneratorTests"/>
  <testcase name="RandomNumberGeneratorTest" time="2.224" classname="tests.RandomNumberGeneratorTests"/>
  <testcase name="RandomNumberGeneratorTest" time="2.605" classname="tests.RandomNumberGeneratorTests"/>
  <testcase name="RandomNumberGeneratorTest" time="1.767" classname="tests.RandomNumberGeneratorTests"/>
  <testcase name="RandomNumberGeneratorTest" time="2.202" classname="tests.RandomNumberGeneratorTests"/>
  <testcase name="RandomNumberGeneratorTest" time="1.438" classname="tests.RandomNumberGeneratorTests"/>
  <testcase name="RandomNumberGeneratorTest" time="2.316" classname="tests.RandomNumberGeneratorTests"/>
  <testcase name="RandomNumberGeneratorTest" time="1.984" classname="tests.RandomNumberGeneratorTests"/>
  <testcase name="RandomNumberGeneratorTest" time="2.16" classname="tests.RandomNumberGeneratorTests"/>
  <testcase name="RandomNumberGeneratorTest" time="6.714" classname="tests.RandomNumberGeneratorTests"/>
  <testcase name="RandomNumberGeneratorTest" time="1.982" classname="tests.RandomNumberGeneratorTests"/>
  <testcase name="RandomNumberGeneratorTest" time="1.544" classname="tests.RandomNumberGeneratorTests"/>
  <testcase name="RandomNumberGeneratorTest" time="1.817" classname="tests.RandomNumberGeneratorTests"/>
  <testcase name="RandomNumberGeneratorTest" time="2.015" classname="tests.RandomNumberGeneratorTests"/>
  <testcase name="RandomNumberGeneratorTest" time="1.683" classname="tests.RandomNumberGeneratorTests"/>
  <testcase name="RandomNumberGeneratorTest" time="2.27" classname="tests.RandomNumberGeneratorTests"/>
  <testcase name="RandomNumberGeneratorTest" time="1.995" classname="tests.RandomNumberGeneratorTests"/>
  <testcase name="RandomNumberGeneratorTest" time="1.674" classname="tests.RandomNumberGeneratorTests"/>
  <testcase name="RandomNumberGeneratorTest" time="2.148" classname="tests.RandomNumberGeneratorTests"/>
  <testcase name="RandomNumberGeneratorTest" time="2.363" classname="tests.RandomNumberGeneratorTests"/>
  <testcase name="RandomNumberGeneratorTest" time="2.225" classname="tests.RandomNumberGeneratorTests"/>
  <testcase name="RandomNumberGeneratorTest" time="2.0" classname="tests.RandomNumberGeneratorTests"/>
  <testcase name="RandomNumberGeneratorTest" time="1.537" classname="tests.RandomNumberGeneratorTests"/>
  <testcase name="RandomNumberGeneratorTest" time="2.297" classname="tests.RandomNumberGeneratorTests"/>
  <testcase name="RandomNumberGeneratorTest" time="1.964" classname="tests.RandomNumberGeneratorTests"/>
  <testcase name="RandomNumberGeneratorTest" time="4.108" classname="tests.RandomNumberGeneratorTests"/>
  <testcase name="RandomNumberGeneratorTest" time="2.183" classname="tests.RandomNumberGeneratorTests"/>
  <testcase name="RandomNumberGeneratorTest" time="2.123" classname="tests.RandomNumberGeneratorTests"/>
  <testcase name="RandomNumberGeneratorTest" time="1.961" classname="tests.RandomNumberGeneratorTests"/>
  <testcase name="RandomNumberGeneratorTest" time="1.362" classname="tests.RandomNumberGeneratorTests"/>
  <testcase name="RandomNumberGeneratorTest" time="1.918" classname="tests.RandomNumberGeneratorTests"/>
  <testcase name="RandomNumberGeneratorTest" time="1.925" classname="tests.RandomNumberGeneratorTests"/>
  <testcase name="RandomNumberGeneratorTest" time="1.58" classname="tests.RandomNumberGeneratorTests"/>
  <testcase name="RandomNumberGeneratorTest" time="2.295" classname="tests.RandomNumberGeneratorTests"/>
  <testcase name="RandomNumberGeneratorTest" time="2.002" classname="tests.RandomNumberGeneratorTests"/>
  <testcase name="RandomNumberGeneratorTest" time="2.007" classname="tests.RandomNumberGeneratorTests"/>
  <testcase name="RandomNumberGeneratorTest" time="2.215" classname="tests.RandomNumberGeneratorTests"/>
  <testcase name="RandomNumberGeneratorTest" time="1.897" classname="tests.RandomNumberGeneratorTests"/>
  <testcase name="RandomNumberGeneratorTest" time="2.085" classname="tests.RandomNumberGeneratorTests"/>
  <testcase name="RandomNumberGeneratorTest" time="1.574" classname="tests.RandomNumberGeneratorTests"/>
  <testcase name="RandomNumberGeneratorTest" time="2.024" classname="tests.RandomNumberGeneratorTests"/>
  <testcase name="RandomNumberGeneratorTest" time="2.005" classname="tests.RandomNumberGeneratorTests"/>
  <testcase name="RandomNumberGeneratorTest" time="2.124" classname="tests.RandomNumberGeneratorTests"/>
  <testcase name="RandomNumberGeneratorTest" time="2.088" classname="tests.RandomNumberGeneratorTests"/>
  <testcase name="RandomNumberGeneratorTest" time="2.342" classname="tests.RandomNumberGeneratorTests"/>
  <testcase name="RandomNumberGeneratorTest" time="1.966" classname="tests.RandomNumberGeneratorTests"/>
  <testcase name="RandomNumberGeneratorTest" time="2.295" classname="tests.RandomNumberGeneratorTests"/>
  <testcase name="RandomNumberGeneratorTest" time="2.462" classname="tests.RandomNumberGeneratorTests"/>
  <testcase name="RandomNumberGeneratorTest" time="2.519" classname="tests.RandomNumberGeneratorTests"/>
  <testcase name="RandomNumberGeneratorTest" time="2.526" classname="tests.RandomNumberGeneratorTests"/>
  <testcase name="RandomNumberGeneratorTest" time="2.723" classname="tests.RandomNumberGeneratorTests"/>
  <testcase name="RandomNumberGeneratorTest" time="2.14" classname="tests.RandomNumberGeneratorTests"/>
  <testcase name="RandomNumberGeneratorTest" time="1.919" classname="tests.RandomNumberGeneratorTests"/>
  <testcase name="RandomNumberGeneratorTest" time="2.47" classname="tests.RandomNumberGeneratorTests"/>
  <testcase name="RandomNumberGeneratorTest" time="2.353" classname="tests.RandomNumberGeneratorTests"/>
  <testcase name="RandomNumberGeneratorTest" time="2.72" classname="tests.RandomNumberGeneratorTests"/>
  <testcase name="RandomNumberGeneratorTest" time="2.264" classname="tests.RandomNumberGeneratorTests"/>
  <testcase name="RandomNumberGeneratorTest" time="2.537" classname="tests.RandomNumberGeneratorTests"/>
  <testcase name="RandomNumberGeneratorTest" time="3.422" classname="tests.RandomNumberGeneratorTests"/>
  <testcase name="RandomNumberGeneratorTest" time="2.278" classname="tests.RandomNumberGeneratorTests"/>
  <testcase name="RandomNumberGeneratorTest" time="2.374" classname="tests.RandomNumberGeneratorTests"/>
  <testcase name="RandomNumberGeneratorTest" time="2.807" classname="tests.RandomNumberGeneratorTests"/>
  <testcase name="RandomNumberGeneratorTest" time="2.488" classname="tests.RandomNumberGeneratorTests"/>
  <testcase name="RandomNumberGeneratorTest" time="2.883" classname="tests.RandomNumberGeneratorTests"/>
  <testcase name="RandomNumberGeneratorTest" time="3.009" classname="tests.RandomNumberGeneratorTests"/>
  <testcase name="RandomNumberGeneratorTest" time="4.693" classname="tests.RandomNumberGeneratorTests"/>
  <testcase name="RandomNumberGeneratorTest" time="3.383" classname="tests.RandomNumberGeneratorTests"/>
  <testcase name="RandomNumberGeneratorTest" time="3.879" classname="tests.RandomNumberGeneratorTests"/>
  <testcase name="RandomNumberGeneratorTest" time="3.943" classname="tests.RandomNumberGeneratorTests"/>
  <testcase name="RandomNumberGeneratorTest" time="4.172" classname="tests.RandomNumberGeneratorTests"/>
  <testcase name="RandomNumberGeneratorTest" time="3.337" classname="tests.RandomNumberGeneratorTests"/>
  <testcase name="RandomNumberGeneratorTest" time="4.557" classname="tests.RandomNumberGeneratorTests"/>
  <testcase name="RandomNumberGeneratorTest" time="3.713" classname="tests.RandomNumberGeneratorTests"/>
  <testcase name="RandomNumberGeneratorTest" time="3.855" classname="tests.RandomNumberGeneratorTests"/>
  <testcase name="RandomNumberGeneratorTest" time="3.978" classname="tests.RandomNumberGeneratorTests"/>
  <testcase name="RandomNumberGeneratorTest" time="3.783" classname="tests.RandomNumberGeneratorTests"/>
  <testcase name="RandomNumberGeneratorTest" time="3.274" classname="tests.RandomNumberGeneratorTests"/>
  <testcase name="RandomNumberGeneratorTest" time="4.67" classname="tests.RandomNumberGeneratorTests"/>
  <testcase name="RandomNumberGeneratorTest" time="3.049" classname="tests.RandomNumberGeneratorTests"/>
  <testcase name="RandomNumberGeneratorTest" time="3.734" classname="tests.RandomNumberGeneratorTests"/>
  <testcase name="RandomNumberGeneratorTest" time="3.852" classname="tests.RandomNumberGeneratorTests"/>
  <testcase name="RandomNumberGeneratorTest" time="4.044" classname="tests.RandomNumberGeneratorTests"/>
  <testcase name="RandomNumberGeneratorTest" time="3.062" classname="tests.RandomNumberGeneratorTests"/>
  <testcase name="RandomNumberGeneratorTest" time="1.614" classname="tests.RandomNumberGeneratorTests"/>
  <testcase name="RandomNumberGeneratorTest" time="1.85" classname="tests.RandomNumberGeneratorTests"/>
  <testcase name="RandomNumberGeneratorTest" time="1.804" classname="tests.RandomNumberGeneratorTests"/>
  <testcase name="RandomNumberGeneratorTest" time="1.95" classname="tests.RandomNumberGeneratorTests"/>
  <testcase name="RandomNumberGeneratorTest" time="1.983" classname="tests.RandomNumberGeneratorTests"/>
  <testcase name="RandomNumberGeneratorTest" time="1.958" classname="tests.RandomNumberGeneratorTests"/>
  <testcase name="RandomNumberGeneratorTest" time="1.92" classname="tests.RandomNumberGeneratorTests"/>
  <testcase name="RandomNumberGeneratorTest" time="1.442" classname="tests.RandomNumberGeneratorTests"/>
  <testcase name="RandomNumberGeneratorTest" time="1.969" classname="tests.RandomNumberGeneratorTests"/>
  <testcase name="RandomNumberGeneratorTest" time="2.027" classname="tests.RandomNumberGeneratorTests"/>
  <testcase name="RandomNumberGeneratorTest" time="2.018" classname="tests.RandomNumberGeneratorTests"/>
  <testcase name="RandomNumberGeneratorTest" time="1.884" classname="tests.RandomNumberGeneratorTests"/>
  <testcase name="RandomNumberGeneratorTest" time="1.642" classname="tests.RandomNumberGeneratorTests"/>
  <testcase name="RandomNumberGeneratorTest" time="1.881" classname="tests.RandomNumberGeneratorTests"/>
  <testcase name="RandomNumberGeneratorTest" time="1.888" classname="tests.RandomNumberGeneratorTests"/>
  <testcase name="RandomNumberGeneratorTest" time="1.781" classname="tests.RandomNumberGeneratorTests"/>
  <testcase name="RandomNumberGeneratorTest" time="1.66" classname="tests.RandomNumberGeneratorTests"/>
  <testcase name="RandomNumberGeneratorTest" time="1.616" classname="tests.RandomNumberGeneratorTests"/>
  <testcase name="RandomNumberGeneratorTest" time="1.952" classname="tests.RandomNumberGeneratorTests"/>
  <testcase name="RandomNumberGeneratorTest" time="1.451" classname="tests.RandomNumberGeneratorTests"/>
  <testcase name="RandomNumberGeneratorTest" time="1.828" classname="tests.RandomNumberGeneratorTests"/>
  <testcase name="RandomNumberGeneratorTest" time="1.998" classname="tests.RandomNumberGeneratorTests"/>
  <testcase name="RandomNumberGeneratorTest" time="1.488" classname="tests.RandomNumberGeneratorTests"/>
  <testcase name="RandomNumberGeneratorTest" time="1.227" classname="tests.RandomNumberGeneratorTests"/>
  <testcase name="RandomNumberGeneratorTest" time="1.766" classname="tests.RandomNumberGeneratorTests"/>
  <testcase name="RandomNumberGeneratorTest" time="1.933" classname="tests.RandomNumberGeneratorTests"/>
  <testcase name="RandomNumberGeneratorTest" time="1.54" classname="tests.RandomNumberGeneratorTests"/>
  <testcase name="RandomNumberGeneratorTest" time="1.99" classname="tests.RandomNumberGeneratorTests"/>
  <testcase name="RandomNumberGeneratorTest" time="1.971" classname="tests.RandomNumberGeneratorTests"/>
  <testcase name="RandomNumberGeneratorTest" time="1.808" classname="tests.RandomNumberGeneratorTests"/>
  <testcase name="RandomNumberGeneratorTest" time="1.454" classname="tests.RandomNumberGeneratorTests"/>
  <testcase name="RandomNumberGeneratorTest" time="1.476" classname="tests.RandomNumberGeneratorTests"/>
  <testcase name="RandomNumberGeneratorTest" time="1.943" classname="tests.RandomNumberGeneratorTests"/>
  <testcase name="RandomNumberGeneratorTest" time="1.915" classname="tests.RandomNumberGeneratorTests"/>
  <testcase name="RandomNumberGeneratorTest" time="1.775" classname="tests.RandomNumberGeneratorTests"/>
  <testcase name="RandomNumberGeneratorTest" time="1.891" classname="tests.RandomNumberGeneratorTests"/>
  <testcase name="RandomNumberGeneratorTest" time="1.477" classname="tests.RandomNumberGeneratorTests"/>
  <testcase name="RandomNumberGeneratorTest" time="1.785" classname="tests.RandomNumberGeneratorTests"/>
  <testcase name="RandomNumberGeneratorTest" time="2.132" classname="tests.RandomNumberGeneratorTests"/>
  <testcase name="RandomNumberGeneratorTest" time="2.028" classname="tests.RandomNumberGeneratorTests"/>
  <testcase name="RandomNumberGeneratorTest" time="1.69" classname="tests.RandomNumberGeneratorTests"/>
  <testcase name="RandomNumberGeneratorTest" time="1.526" classname="tests.RandomNumberGeneratorTests"/>
  <testcase name="RandomNumberGeneratorTest" time="1.957" classname="tests.RandomNumberGeneratorTests"/>
  <testcase name="RandomNumberGeneratorTest" time="1.917" classname="tests.RandomNumberGeneratorTests"/>
  <testcase name="RandomNumberGeneratorTest" time="2.043" classname="tests.RandomNumberGeneratorTests"/>
  <testcase name="RandomNumberGeneratorTest" time="2.16" classname="tests.RandomNumberGeneratorTests"/>
  <testcase name="RandomNumberGeneratorTest" time="2.075" classname="tests.RandomNumberGeneratorTests"/>
  <testcase name="RandomNumberGeneratorTest" time="1.907" classname="tests.RandomNumberGeneratorTests"/>
  <testcase name="RandomNumberGeneratorTest" time="1.556" classname="tests.RandomNumberGeneratorTests"/>
  <testcase name="RandomNumberGeneratorTest" time="1.789" classname="tests.RandomNumberGeneratorTests"/>
  <testcase name="RandomNumberGeneratorTest" time="1.643" classname="tests.RandomNumberGeneratorTests"/>
  <testcase name="RandomNumberGeneratorTest" time="2.162" classname="tests.RandomNumberGeneratorTests"/>
  <testcase name="RandomNumberGeneratorTest" time="1.977" classname="tests.RandomNumberGeneratorTests"/>
  <testcase name="RandomNumberGeneratorTest" time="2.107" classname="tests.RandomNumberGeneratorTests"/>
  <testcase name="RandomNumberGeneratorTest" time="1.531" classname="tests.RandomNumberGeneratorTests"/>
  <testcase name="RandomNumberGeneratorTest" time="2.004" classname="tests.RandomNumberGeneratorTests"/>
  <testcase name="RandomNumberGeneratorTest" time="2.293" classname="tests.RandomNumberGeneratorTests"/>
  <testcase name="RandomNumberGeneratorTest" time="1.784" classname="tests.RandomNumberGeneratorTests"/>
  <testcase name="RandomNumberGeneratorTest" time="1.671" classname="tests.RandomNumberGeneratorTests"/>
  <testcase name="RandomNumberGeneratorTest" time="1.612" classname="tests.RandomNumberGeneratorTests"/>
  <testcase name="RandomNumberGeneratorTest" time="1.803" classname="tests.RandomNumberGeneratorTests"/>
  <testcase name="RandomNumberGeneratorTest" time="1.775" classname="tests.RandomNumberGeneratorTests"/>
  <testcase name="RandomNumberGeneratorTest" time="1.977" classname="tests.RandomNumberGeneratorTests"/>
  <testcase name="RandomNumberGeneratorTest" time="1.939" classname="tests.RandomNumberGeneratorTests"/>
  <testcase name="RandomNumberGeneratorTest" time="1.829" classname="tests.RandomNumberGeneratorTests"/>
  <testcase name="RandomNumberGeneratorTest" time="1.761" classname="tests.RandomNumberGeneratorTests"/>
  <testcase name="RandomNumberGeneratorTest" time="1.969" classname="tests.RandomNumberGeneratorTests"/>
  <testcase name="RandomNumberGeneratorTest" time="1.565" classname="tests.RandomNumberGeneratorTests"/>
  <testcase name="RandomNumberGeneratorTest" time="1.697" classname="tests.RandomNumberGeneratorTests"/>
  <testcase name="RandomNumberGeneratorTest" time="2.08" classname="tests.RandomNumberGeneratorTests"/>
  <testcase name="RandomNumberGeneratorTest" time="2.228" classname="tests.RandomNumberGeneratorTests"/>
  <testcase name="RandomNumberGeneratorTest" time="2.093" classname="tests.RandomNumberGeneratorTests"/>
  <testcase name="RandomNumberGeneratorTest" time="1.983" classname="tests.RandomNumberGeneratorTests"/>
  <testcase name="RandomNumberGeneratorTest" time="2.075" classname="tests.RandomNumberGeneratorTests"/>
  <testcase name="RandomNumberGeneratorTest" time="2.216" classname="tests.RandomNumberGeneratorTests"/>
  <testcase name="RandomNumberGeneratorTest" time="2.589" classname="tests.RandomNumberGeneratorTests"/>
  <testcase name="RandomNumberGeneratorTest" time="2.377" classname="tests.RandomNumberGeneratorTests"/>
  <testcase name="RandomNumberGeneratorTest" time="2.31" classname="tests.RandomNumberGeneratorTests"/>
  <testcase name="RandomNumberGeneratorTest" time="2.261" classname="tests.RandomNumberGeneratorTests"/>
  <testcase name="RandomNumberGeneratorTest" time="2.177" classname="tests.RandomNumberGeneratorTests"/>
  <testcase name="RandomNumberGeneratorTest" time="2.238" classname="tests.RandomNumberGeneratorTests"/>
  <testcase name="RandomNumberGeneratorTest" time="2.38" classname="tests.RandomNumberGeneratorTests"/>
  <testcase name="RandomNumberGeneratorTest" time="2.488" classname="tests.RandomNumberGeneratorTests"/>
  <testcase name="RandomNumberGeneratorTest" time="2.103" classname="tests.RandomNumberGeneratorTests"/>
  <testcase name="RandomNumberGeneratorTest" time="2.298" classname="tests.RandomNumberGeneratorTests"/>
  <testcase name="RandomNumberGeneratorTest" time="2.319" classname="tests.RandomNumberGeneratorTests"/>
  <testcase name="RandomNumberGeneratorTest" time="2.528" classname="tests.RandomNumberGeneratorTests"/>
  <testcase name="RandomNumberGeneratorTest" time="2.518" classname="tests.RandomNumberGeneratorTests"/>
  <testcase name="RandomNumberGeneratorTest" time="2.497" classname="tests.RandomNumberGeneratorTests"/>
  <testcase name="RandomNumberGeneratorTest" time="3.302" classname="tests.RandomNumberGeneratorTests"/>
  <testcase name="RandomNumberGeneratorTest" time="3.355" classname="tests.RandomNumberGeneratorTests"/>
  <testcase name="RandomNumberGeneratorTest" time="3.328" classname="tests.RandomNumberGeneratorTests"/>
  <testcase name="RandomNumberGeneratorTest" time="3.489" classname="tests.RandomNumberGeneratorTests"/>
  <testcase name="RandomNumberGeneratorTest" time="3.195" classname="tests.RandomNumberGeneratorTests"/>
  <testcase name="RandomNumberGeneratorTest" time="3.712" classname="tests.RandomNumberGeneratorTests"/>
  <testcase name="RandomNumberGeneratorTest" time="3.338" classname="tests.RandomNumberGeneratorTests"/>
  <testcase name="RandomNumberGeneratorTest" time="2.968" classname="tests.RandomNumberGeneratorTests"/>
  <testcase name="RandomNumberGeneratorTest" time="3.57" classname="tests.RandomNumberGeneratorTests"/>
  <testcase name="RandomNumberGeneratorTest" time="3.748" classname="tests.RandomNumberGeneratorTests"/>
  <testcase name="RandomNumberGeneratorTest" time="3.113" classname="tests.RandomNumberGeneratorTests"/>
  <testcase name="RandomNumberGeneratorTest" time="3.17" classname="tests.RandomNumberGeneratorTests"/>
  <testcase name="RandomNumberGeneratorTest" time="3.338" classname="tests.RandomNumberGeneratorTests"/>
  <testcase name="RandomNumberGeneratorTest" time="3.179" classname="tests.RandomNumberGeneratorTests"/>
  <testcase name="RandomNumberGeneratorTest" time="3.023" classname="tests.RandomNumberGeneratorTests"/>
  <testcase name="RandomNumberGeneratorTest" time="3.128" classname="tests.RandomNumberGeneratorTests"/>
  <testcase name="RandomNumberGeneratorTest" time="3.516" classname="tests.RandomNumberGeneratorTests"/>
  <testcase name="RandomNumberGeneratorTest" time="3.621" classname="tests.RandomNumberGeneratorTests"/>
  <testcase name="RandomNumberGeneratorTest" time="1.807" classname="tests.RandomNumberGeneratorTests"/>
  <testcase name="RandomNumberGeneratorTest" time="1.711" classname="tests.RandomNumberGeneratorTests"/>
  <testcase name="RandomNumberGeneratorTest" time="1.84" classname="tests.RandomNumberGeneratorTests"/>
  <testcase name="RandomNumberGeneratorTest" time="1.898" classname="tests.RandomNumberGeneratorTests"/>
  <testcase name="RandomNumberGeneratorTest" time="1.814" classname="tests.RandomNumberGeneratorTests"/>
  <testcase name="RandomNumberGeneratorTest" time="1.731" classname="tests.RandomNumberGeneratorTests"/>
  <testcase name="RandomNumberGeneratorTest" time="1.812" classname="tests.RandomNumberGeneratorTests"/>
  <testcase name="RandomNumberGeneratorTest" time="1.311" classname="tests.RandomNumberGeneratorTests"/>
  <testcase name="RandomNumberGeneratorTest" time="1.857" classname="tests.RandomNumberGeneratorTests"/>
  <testcase name="RandomNumberGeneratorTest" time="1.795" classname="tests.RandomNumberGeneratorTests"/>
  <testcase name="RandomNumberGeneratorTest" time="1.743" classname="tests.RandomNumberGeneratorTests"/>
  <testcase name="RandomNumberGeneratorTest" time="1.548" classname="tests.RandomNumberGeneratorTests"/>
  <testcase name="RandomNumberGeneratorTest" time="1.819" classname="tests.RandomNumberGeneratorTests"/>
  <testcase name="RandomNumberGeneratorTest" time="1.658" classname="tests.RandomNumberGeneratorTests"/>
  <testcase name="RandomNumberGeneratorTest" time="1.691" classname="tests.RandomNumberGeneratorTests"/>
  <testcase name="RandomNumberGeneratorTest" time="2.176" classname="tests.RandomNumberGeneratorTests"/>
  <testcase name="RandomNumberGeneratorTest" time="1.497" classname="tests.RandomNumberGeneratorTests"/>
  <testcase name="RandomNumberGeneratorTest" time="1.83" classname="tests.RandomNumberGeneratorTests"/>
  <testcase name="RandomNumberGeneratorTest" time="1.806" classname="tests.RandomNumberGeneratorTests"/>
  <testcase name="RandomNumberGeneratorTest" time="1.728" classname="tests.RandomNumberGeneratorTests"/>
  <testcase name="RandomNumberGeneratorTest" time="1.4" classname="tests.RandomNumberGeneratorTests"/>
  <testcase name="RandomNumberGeneratorTest" time="1.446" classname="tests.RandomNumberGeneratorTests"/>
  <testcase name="RandomNumberGeneratorTest" time="1.529" classname="tests.RandomNumberGeneratorTests"/>
  <testcase name="RandomNumberGeneratorTest" time="1.861" classname="tests.RandomNumberGeneratorTests"/>
  <testcase name="RandomNumberGeneratorTest" time="1.746" classname="tests.RandomNumberGeneratorTests"/>
  <testcase name="RandomNumberGeneratorTest" time="1.297" classname="tests.RandomNumberGeneratorTests"/>
  <testcase name="RandomNumberGeneratorTest" time="1.348" classname="tests.RandomNumberGeneratorTests"/>
  <testcase name="RandomNumberGeneratorTest" time="1.78" classname="tests.RandomNumberGeneratorTests"/>
  <testcase name="RandomNumberGeneratorTest" time="1.662" classname="tests.RandomNumberGeneratorTests"/>
  <testcase name="RandomNumberGeneratorTest" time="1.393" classname="tests.RandomNumberGeneratorTests"/>
  <testcase name="RandomNumberGeneratorTest" time="1.353" classname="tests.RandomNumberGeneratorTests"/>
  <testcase name="RandomNumberGeneratorTest" time="2.98" classname="tests.RandomNumberGeneratorTests"/>
  <testcase name="RandomNumberGeneratorTest" time="1.94" classname="tests.RandomNumberGeneratorTests"/>
  <testcase name="RandomNumberGeneratorTest" time="2.366" classname="tests.RandomNumberGeneratorTests"/>
  <testcase name="RandomNumberGeneratorTest" time="2.024" classname="tests.RandomNumberGeneratorTests"/>
  <testcase name="RandomNumberGeneratorTest" time="1.876" classname="tests.RandomNumberGeneratorTests"/>
  <testcase name="RandomNumberGeneratorTest" time="1.786" classname="tests.RandomNumberGeneratorTests"/>
  <testcase name="RandomNumberGeneratorTest" time="2.075" classname="tests.RandomNumberGeneratorTests"/>
  <testcase name="RandomNumberGeneratorTest" time="3.017" classname="tests.RandomNumberGeneratorTests"/>
  <testcase name="RandomNumberGeneratorTest" time="1.728" classname="tests.RandomNumberGeneratorTests"/>
  <testcase name="RandomNumberGeneratorTest" time="2.098" classname="tests.RandomNumberGeneratorTests"/>
  <testcase name="RandomNumberGeneratorTest" time="1.93" classname="tests.RandomNumberGeneratorTests"/>
  <testcase name="RandomNumberGeneratorTest" time="1.77" classname="tests.RandomNumberGeneratorTests"/>
  <testcase name="RandomNumberGeneratorTest" time="1.983" classname="tests.RandomNumberGeneratorTests"/>
  <testcase name="RandomNumberGeneratorTest" time="2.929" classname="tests.RandomNumberGeneratorTests"/>
  <testcase name="RandomNumberGeneratorTest" time="2.189" classname="tests.RandomNumberGeneratorTests"/>
  <testcase name="RandomNumberGeneratorTest" time="1.786" classname="tests.RandomNumberGeneratorTests"/>
  <testcase name="RandomNumberGeneratorTest" time="1.792" classname="tests.RandomNumberGeneratorTests"/>
  <testcase name="RandomNumberGeneratorTest" time="2.065" classname="tests.RandomNumberGeneratorTests"/>
  <testcase name="RandomNumberGeneratorTest" time="1.521" classname="tests.RandomNumberGeneratorTests"/>
  <testcase name="RandomNumberGeneratorTest" time="2.084" classname="tests.RandomNumberGeneratorTests"/>
  <testcase name="RandomNumberGeneratorTest" time="2.126" classname="tests.RandomNumberGeneratorTests"/>
  <testcase name="RandomNumberGeneratorTest" time="2.437" classname="tests.RandomNumberGeneratorTests"/>
  <testcase name="RandomNumberGeneratorTest" time="1.944" classname="tests.RandomNumberGeneratorTests"/>
  <testcase name="RandomNumberGeneratorTest" time="1.531" classname="tests.RandomNumberGeneratorTests"/>
  <testcase name="RandomNumberGeneratorTest" time="1.671" classname="tests.RandomNumberGeneratorTests"/>
  <testcase name="RandomNumberGeneratorTest" time="2.127" classname="tests.RandomNumberGeneratorTests"/>
  <testcase name="RandomNumberGeneratorTest" time="2.172" classname="tests.RandomNumberGeneratorTests"/>
  <testcase name="RandomNumberGeneratorTest" time="2.127" classname="tests.RandomNumberGeneratorTests"/>
  <testcase name="RandomNumberGeneratorTest" time="3.054" classname="tests.RandomNumberGeneratorTests"/>
  <testcase name="RandomNumberGeneratorTest" time="1.516" classname="tests.RandomNumberGeneratorTests"/>
  <testcase name="RandomNumberGeneratorTest" time="1.454" classname="tests.RandomNumberGeneratorTests"/>
  <testcase name="RandomNumberGeneratorTest" time="1.858" classname="tests.RandomNumberGeneratorTests"/>
  <testcase name="RandomNumberGeneratorTest" time="3.339" classname="tests.RandomNumberGeneratorTests"/>
  <testcase name="RandomNumberGeneratorTest" time="2.246" classname="tests.RandomNumberGeneratorTests"/>
  <testcase name="RandomNumberGeneratorTest" time="2.944" classname="tests.RandomNumberGeneratorTests"/>
  <testcase name="RandomNumberGeneratorTest" time="2.192" classname="tests.RandomNumberGeneratorTests"/>
  <testcase name="RandomNumberGeneratorTest" time="2.032" classname="tests.RandomNumberGeneratorTests"/>
  <testcase name="RandomNumberGeneratorTest" time="1.864" classname="tests.RandomNumberGeneratorTests"/>
  <testcase name="RandomNumberGeneratorTest" time="3.236" classname="tests.RandomNumberGeneratorTests"/>
  <testcase name="RandomNumberGeneratorTest" time="2.179" classname="tests.RandomNumberGeneratorTests"/>
  <testcase name="RandomNumberGeneratorTest" time="2.647" classname="tests.RandomNumberGeneratorTests"/>
  <testcase name="RandomNumberGeneratorTest" time="2.182" classname="tests.RandomNumberGeneratorTests"/>
  <testcase name="RandomNumberGeneratorTest" time="1.843" classname="tests.RandomNumberGeneratorTests"/>
  <testcase name="RandomNumberGeneratorTest" time="1.996" classname="tests.RandomNumberGeneratorTests"/>
  <testcase name="RandomNumberGeneratorTest" time="2.509" classname="tests.RandomNumberGeneratorTests"/>
  <testcase name="RandomNumberGeneratorTest" time="2.757" classname="tests.RandomNumberGeneratorTests"/>
  <testcase name="RandomNumberGeneratorTest" time="2.373" classname="tests.RandomNumberGeneratorTests"/>
  <testcase name="RandomNumberGeneratorTest" time="2.253" classname="tests.RandomNumberGeneratorTests"/>
  <testcase name="RandomNumberGeneratorTest" time="2.335" classname="tests.RandomNumberGeneratorTests"/>
  <testcase name="RandomNumberGeneratorTest" time="2.255" classname="tests.RandomNumberGeneratorTests"/>
  <testcase name="RandomNumberGeneratorTest" time="2.993" classname="tests.RandomNumberGeneratorTests"/>
  <testcase name="RandomNumberGeneratorTest" time="2.424" classname="tests.RandomNumberGeneratorTests"/>
  <testcase name="RandomNumberGeneratorTest" time="2.588" classname="tests.RandomNumberGeneratorTests"/>
  <testcase name="RandomNumberGeneratorTest" time="2.252" classname="tests.RandomNumberGeneratorTests"/>
  <testcase name="RandomNumberGeneratorTest" time="2.613" classname="tests.RandomNumberGeneratorTests"/>
  <testcase name="RandomNumberGeneratorTest" time="2.361" classname="tests.RandomNumberGeneratorTests"/>
  <testcase name="RandomNumberGeneratorTest" time="3.723" classname="tests.RandomNumberGeneratorTests"/>
  <testcase name="RandomNumberGeneratorTest" time="2.765" classname="tests.RandomNumberGeneratorTests"/>
  <testcase name="RandomNumberGeneratorTest" time="3.748" classname="tests.RandomNumberGeneratorTests"/>
  <testcase name="RandomNumberGeneratorTest" time="3.181" classname="tests.RandomNumberGeneratorTests"/>
  <testcase name="RandomNumberGeneratorTest" time="4.506" classname="tests.RandomNumberGeneratorTests"/>
  <testcase name="RandomNumberGeneratorTest" time="3.509" classname="tests.RandomNumberGeneratorTests"/>
  <testcase name="RandomNumberGeneratorTest" time="3.378" classname="tests.RandomNumberGeneratorTests"/>
  <testcase name="RandomNumberGeneratorTest" time="3.303" classname="tests.RandomNumberGeneratorTests"/>
  <testcase name="RandomNumberGeneratorTest" time="3.163" classname="tests.RandomNumberGeneratorTests"/>
  <testcase name="RandomNumberGeneratorTest" time="4.575" classname="tests.RandomNumberGeneratorTests"/>
  <testcase name="RandomNumberGeneratorTest" time="4.449" classname="tests.RandomNumberGeneratorTests"/>
  <testcase name="RandomNumberGeneratorTest" time="3.645" classname="tests.RandomNumberGeneratorTests"/>
  <testcase name="RandomNumberGeneratorTest" time="3.465" classname="tests.RandomNumberGeneratorTests"/>
  <testcase name="RandomNumberGeneratorTest" time="3.355" classname="tests.RandomNumberGeneratorTests"/>
  <testcase name="RandomNumberGeneratorTest" time="3.619" classname="tests.RandomNumberGeneratorTests"/>
  <testcase name="RandomNumberGeneratorTest" time="3.239" classname="tests.RandomNumberGeneratorTests"/>
  <testcase name="RandomNumberGeneratorTest" time="3.178" classname="tests.RandomNumberGeneratorTests"/>
  <testcase name="RandomNumberGeneratorTest" time="3.049" classname="tests.RandomNumberGeneratorTests"/>
  <testcase name="RandomNumberGeneratorTest" time="5.156" classname="tests.RandomNumberGeneratorTests"/>
  <testcase name="RandomNumberGeneratorTest" time="3.8" classname="tests.RandomNumberGeneratorTests"/>
  <testcase name="RandomNumberGeneratorTest" time="3.621" classname="tests.RandomNumberGeneratorTests"/>
</testsuite> <!-- randGen test -->
