<?xml version="1.0" encoding="UTF-8"?>
<!-- Generated by org.testng.reporters.JUnitXMLReporter -->
<testsuite ignored="0" hostname="DESKTOP-OM1I456" failures="0" tests="11" name="Default test" time="28.581" errors="0" timestamp="2019-11-02T18:23:44 IST">
  <testcase classname="tests.DateDifferenceTests" name="DateDifferenceHardCodedEdgeCasesDataTest" time="2.249"/>
  <testcase classname="tests.DateDifferenceTests" name="DateDifferenceHardCodedEdgeCasesDataTest" time="1.702"/>
  <testcase classname="tests.DateDifferenceTests" name="DateDifferenceHardCodedEdgeCasesDataTest" time="1.569"/>
  <testcase classname="tests.DateDifferenceTests" name="DateDifferenceHardCodedEdgeCasesDataTest" time="1.69"/>
  <testcase classname="tests.DateDifferenceTests" name="DateDifferenceHardCodedEdgeCasesDataTest" time="1.636"/>
  <testcase classname="tests.DateDifferenceTests" name="DateDifferenceHardCodedEdgeCasesDataTest" time="1.526"/>
  <testcase classname="tests.DateDifferenceTests" name="DateDifferenceHardCodedEdgeCasesDataTest" time="1.639"/>
  <testcase classname="tests.DateDifferenceTests" name="DateDifferenceHardCodedEdgeCasesDataTest" time="1.74"/>
  <testcase classname="tests.DateDifferenceTests" name="DateDifferenceHardCodedSanityTest" time="2.158"/>
  <testcase classname="tests.DateDifferenceTests" name="DateDifferenceHardCodedSanityTest" time="1.59"/>
  <testcase classname="tests.DateDifferenceTests" name="DateDifferenceHardCodedSanityTest" time="0.177"/>
</testsuite> <!-- Default test -->
