<?xml version="1.0" encoding="UTF-8"?>
<!-- Generated by org.testng.reporters.JUnitXMLReporter -->
<testsuite ignored="0" hostname="DESKTOP-OM1I456" failures="0" tests="324" name="Default test" time="742.278" errors="0" timestamp="2019-10-28T22:16:22 IST">
  <testcase classname="tests.RandomNumberGeneratorTests" name="RandomNumberGeneratorTest" time="2.567"/>
  <testcase classname="tests.RandomNumberGeneratorTests" name="RandomNumberGeneratorTest" time="2.146"/>
  <testcase classname="tests.RandomNumberGeneratorTests" name="RandomNumberGeneratorTest" time="1.449"/>
  <testcase classname="tests.RandomNumberGeneratorTests" name="RandomNumberGeneratorTest" time="1.393"/>
  <testcase classname="tests.RandomNumberGeneratorTests" name="RandomNumberGeneratorTest" time="1.329"/>
  <testcase classname="tests.RandomNumberGeneratorTests" name="RandomNumberGeneratorTest" time="1.23"/>
  <testcase classname="tests.RandomNumberGeneratorTests" name="RandomNumberGeneratorTest" time="1.133"/>
  <testcase classname="tests.RandomNumberGeneratorTests" name="RandomNumberGeneratorTest" time="1.121"/>
  <testcase classname="tests.RandomNumberGeneratorTests" name="RandomNumberGeneratorTest" time="1.601"/>
  <testcase classname="tests.RandomNumberGeneratorTests" name="RandomNumberGeneratorTest" time="1.212"/>
  <testcase classname="tests.RandomNumberGeneratorTests" name="RandomNumberGeneratorTest" time="1.852"/>
  <testcase classname="tests.RandomNumberGeneratorTests" name="RandomNumberGeneratorTest" time="1.362"/>
  <testcase classname="tests.RandomNumberGeneratorTests" name="RandomNumberGeneratorTest" time="0.925"/>
  <testcase classname="tests.RandomNumberGeneratorTests" name="RandomNumberGeneratorTest" time="0.992"/>
  <testcase classname="tests.RandomNumberGeneratorTests" name="RandomNumberGeneratorTest" time="0.994"/>
  <testcase classname="tests.RandomNumberGeneratorTests" name="RandomNumberGeneratorTest" time="1.069"/>
  <testcase classname="tests.RandomNumberGeneratorTests" name="RandomNumberGeneratorTest" time="0.946"/>
  <testcase classname="tests.RandomNumberGeneratorTests" name="RandomNumberGeneratorTest" time="1.113"/>
  <testcase classname="tests.RandomNumberGeneratorTests" name="RandomNumberGeneratorTest" time="0.905"/>
  <testcase classname="tests.RandomNumberGeneratorTests" name="RandomNumberGeneratorTest" time="1.024"/>
  <testcase classname="tests.RandomNumberGeneratorTests" name="RandomNumberGeneratorTest" time="0.91"/>
  <testcase classname="tests.RandomNumberGeneratorTests" name="RandomNumberGeneratorTest" time="1.193"/>
  <testcase classname="tests.RandomNumberGeneratorTests" name="RandomNumberGeneratorTest" time="1.874"/>
  <testcase classname="tests.RandomNumberGeneratorTests" name="RandomNumberGeneratorTest" time="1.165"/>
  <testcase classname="tests.RandomNumberGeneratorTests" name="RandomNumberGeneratorTest" time="1.143"/>
  <testcase classname="tests.RandomNumberGeneratorTests" name="RandomNumberGeneratorTest" time="1.006"/>
  <testcase classname="tests.RandomNumberGeneratorTests" name="RandomNumberGeneratorTest" time="0.884"/>
  <testcase classname="tests.RandomNumberGeneratorTests" name="RandomNumberGeneratorTest" time="1.202"/>
  <testcase classname="tests.RandomNumberGeneratorTests" name="RandomNumberGeneratorTest" time="1.041"/>
  <testcase classname="tests.RandomNumberGeneratorTests" name="RandomNumberGeneratorTest" time="1.939"/>
  <testcase classname="tests.RandomNumberGeneratorTests" name="RandomNumberGeneratorTest" time="1.231"/>
  <testcase classname="tests.RandomNumberGeneratorTests" name="RandomNumberGeneratorTest" time="0.968"/>
  <testcase classname="tests.RandomNumberGeneratorTests" name="RandomNumberGeneratorTest" time="1.343"/>
  <testcase classname="tests.RandomNumberGeneratorTests" name="RandomNumberGeneratorTest" time="2.63"/>
  <testcase classname="tests.RandomNumberGeneratorTests" name="RandomNumberGeneratorTest" time="1.106"/>
  <testcase classname="tests.RandomNumberGeneratorTests" name="RandomNumberGeneratorTest" time="3.037"/>
  <testcase classname="tests.RandomNumberGeneratorTests" name="RandomNumberGeneratorTest" time="1.422"/>
  <testcase classname="tests.RandomNumberGeneratorTests" name="RandomNumberGeneratorTest" time="1.114"/>
  <testcase classname="tests.RandomNumberGeneratorTests" name="RandomNumberGeneratorTest" time="1.189"/>
  <testcase classname="tests.RandomNumberGeneratorTests" name="RandomNumberGeneratorTest" time="1.119"/>
  <testcase classname="tests.RandomNumberGeneratorTests" name="RandomNumberGeneratorTest" time="0.99"/>
  <testcase classname="tests.RandomNumberGeneratorTests" name="RandomNumberGeneratorTest" time="1.043"/>
  <testcase classname="tests.RandomNumberGeneratorTests" name="RandomNumberGeneratorTest" time="0.899"/>
  <testcase classname="tests.RandomNumberGeneratorTests" name="RandomNumberGeneratorTest" time="0.892"/>
  <testcase classname="tests.RandomNumberGeneratorTests" name="RandomNumberGeneratorTest" time="0.927"/>
  <testcase classname="tests.RandomNumberGeneratorTests" name="RandomNumberGeneratorTest" time="1.274"/>
  <testcase classname="tests.RandomNumberGeneratorTests" name="RandomNumberGeneratorTest" time="1.089"/>
  <testcase classname="tests.RandomNumberGeneratorTests" name="RandomNumberGeneratorTest" time="1.158"/>
  <testcase classname="tests.RandomNumberGeneratorTests" name="RandomNumberGeneratorTest" time="0.951"/>
  <testcase classname="tests.RandomNumberGeneratorTests" name="RandomNumberGeneratorTest" time="0.864"/>
  <testcase classname="tests.RandomNumberGeneratorTests" name="RandomNumberGeneratorTest" time="0.875"/>
  <testcase classname="tests.RandomNumberGeneratorTests" name="RandomNumberGeneratorTest" time="0.981"/>
  <testcase classname="tests.RandomNumberGeneratorTests" name="RandomNumberGeneratorTest" time="0.986"/>
  <testcase classname="tests.RandomNumberGeneratorTests" name="RandomNumberGeneratorTest" time="2.108"/>
  <testcase classname="tests.RandomNumberGeneratorTests" name="RandomNumberGeneratorTest" time="1.166"/>
  <testcase classname="tests.RandomNumberGeneratorTests" name="RandomNumberGeneratorTest" time="0.93"/>
  <testcase classname="tests.RandomNumberGeneratorTests" name="RandomNumberGeneratorTest" time="0.912"/>
  <testcase classname="tests.RandomNumberGeneratorTests" name="RandomNumberGeneratorTest" time="1.06"/>
  <testcase classname="tests.RandomNumberGeneratorTests" name="RandomNumberGeneratorTest" time="2.195"/>
  <testcase classname="tests.RandomNumberGeneratorTests" name="RandomNumberGeneratorTest" time="1.046"/>
  <testcase classname="tests.RandomNumberGeneratorTests" name="RandomNumberGeneratorTest" time="0.987"/>
  <testcase classname="tests.RandomNumberGeneratorTests" name="RandomNumberGeneratorTest" time="1.867"/>
  <testcase classname="tests.RandomNumberGeneratorTests" name="RandomNumberGeneratorTest" time="1.449"/>
  <testcase classname="tests.RandomNumberGeneratorTests" name="RandomNumberGeneratorTest" time="1.069"/>
  <testcase classname="tests.RandomNumberGeneratorTests" name="RandomNumberGeneratorTest" time="1.206"/>
  <testcase classname="tests.RandomNumberGeneratorTests" name="RandomNumberGeneratorTest" time="1.072"/>
  <testcase classname="tests.RandomNumberGeneratorTests" name="RandomNumberGeneratorTest" time="1.042"/>
  <testcase classname="tests.RandomNumberGeneratorTests" name="RandomNumberGeneratorTest" time="1.044"/>
  <testcase classname="tests.RandomNumberGeneratorTests" name="RandomNumberGeneratorTest" time="1.034"/>
  <testcase classname="tests.RandomNumberGeneratorTests" name="RandomNumberGeneratorTest" time="1.054"/>
  <testcase classname="tests.RandomNumberGeneratorTests" name="RandomNumberGeneratorTest" time="1.101"/>
  <testcase classname="tests.RandomNumberGeneratorTests" name="RandomNumberGeneratorTest" time="1.115"/>
  <testcase classname="tests.RandomNumberGeneratorTests" name="RandomNumberGeneratorTest" time="1.196"/>
  <testcase classname="tests.RandomNumberGeneratorTests" name="RandomNumberGeneratorTest" time="1.702"/>
  <testcase classname="tests.RandomNumberGeneratorTests" name="RandomNumberGeneratorTest" time="1.165"/>
  <testcase classname="tests.RandomNumberGeneratorTests" name="RandomNumberGeneratorTest" time="1.523"/>
  <testcase classname="tests.RandomNumberGeneratorTests" name="RandomNumberGeneratorTest" time="1.88"/>
  <testcase classname="tests.RandomNumberGeneratorTests" name="RandomNumberGeneratorTest" time="1.871"/>
  <testcase classname="tests.RandomNumberGeneratorTests" name="RandomNumberGeneratorTest" time="1.319"/>
  <testcase classname="tests.RandomNumberGeneratorTests" name="RandomNumberGeneratorTest" time="1.133"/>
  <testcase classname="tests.RandomNumberGeneratorTests" name="RandomNumberGeneratorTest" time="1.276"/>
  <testcase classname="tests.RandomNumberGeneratorTests" name="RandomNumberGeneratorTest" time="1.46"/>
  <testcase classname="tests.RandomNumberGeneratorTests" name="RandomNumberGeneratorTest" time="1.634"/>
  <testcase classname="tests.RandomNumberGeneratorTests" name="RandomNumberGeneratorTest" time="1.52"/>
  <testcase classname="tests.RandomNumberGeneratorTests" name="RandomNumberGeneratorTest" time="1.45"/>
  <testcase classname="tests.RandomNumberGeneratorTests" name="RandomNumberGeneratorTest" time="1.481"/>
  <testcase classname="tests.RandomNumberGeneratorTests" name="RandomNumberGeneratorTest" time="1.434"/>
  <testcase classname="tests.RandomNumberGeneratorTests" name="RandomNumberGeneratorTest" time="1.734"/>
  <testcase classname="tests.RandomNumberGeneratorTests" name="RandomNumberGeneratorTest" time="1.499"/>
  <testcase classname="tests.RandomNumberGeneratorTests" name="RandomNumberGeneratorTest" time="1.567"/>
  <testcase classname="tests.RandomNumberGeneratorTests" name="RandomNumberGeneratorTest" time="2.189"/>
  <testcase classname="tests.RandomNumberGeneratorTests" name="RandomNumberGeneratorTest" time="2.309"/>
  <testcase classname="tests.RandomNumberGeneratorTests" name="RandomNumberGeneratorTest" time="2.439"/>
  <testcase classname="tests.RandomNumberGeneratorTests" name="RandomNumberGeneratorTest" time="2.812"/>
  <testcase classname="tests.RandomNumberGeneratorTests" name="RandomNumberGeneratorTest" time="2.491"/>
  <testcase classname="tests.RandomNumberGeneratorTests" name="RandomNumberGeneratorTest" time="2.485"/>
  <testcase classname="tests.RandomNumberGeneratorTests" name="RandomNumberGeneratorTest" time="2.213"/>
  <testcase classname="tests.RandomNumberGeneratorTests" name="RandomNumberGeneratorTest" time="2.831"/>
  <testcase classname="tests.RandomNumberGeneratorTests" name="RandomNumberGeneratorTest" time="2.114"/>
  <testcase classname="tests.RandomNumberGeneratorTests" name="RandomNumberGeneratorTest" time="2.494"/>
  <testcase classname="tests.RandomNumberGeneratorTests" name="RandomNumberGeneratorTest" time="2.439"/>
  <testcase classname="tests.RandomNumberGeneratorTests" name="RandomNumberGeneratorTest" time="2.548"/>
  <testcase classname="tests.RandomNumberGeneratorTests" name="RandomNumberGeneratorTest" time="2.268"/>
  <testcase classname="tests.RandomNumberGeneratorTests" name="RandomNumberGeneratorTest" time="2.472"/>
  <testcase classname="tests.RandomNumberGeneratorTests" name="RandomNumberGeneratorTest" time="2.127"/>
  <testcase classname="tests.RandomNumberGeneratorTests" name="RandomNumberGeneratorTest" time="2.561"/>
  <testcase classname="tests.RandomNumberGeneratorTests" name="RandomNumberGeneratorTest" time="2.376"/>
  <testcase classname="tests.RandomNumberGeneratorTests" name="RandomNumberGeneratorTest" time="2.449"/>
  <testcase classname="tests.RandomNumberGeneratorTests" name="RandomNumberGeneratorTest" time="0.875"/>
  <testcase classname="tests.RandomNumberGeneratorTests" name="RandomNumberGeneratorTest" time="0.841"/>
  <testcase classname="tests.RandomNumberGeneratorTests" name="RandomNumberGeneratorTest" time="0.823"/>
  <testcase classname="tests.RandomNumberGeneratorTests" name="RandomNumberGeneratorTest" time="0.837"/>
  <testcase classname="tests.RandomNumberGeneratorTests" name="RandomNumberGeneratorTest" time="1.104"/>
  <testcase classname="tests.RandomNumberGeneratorTests" name="RandomNumberGeneratorTest" time="0.904"/>
  <testcase classname="tests.RandomNumberGeneratorTests" name="RandomNumberGeneratorTest" time="0.81"/>
  <testcase classname="tests.RandomNumberGeneratorTests" name="RandomNumberGeneratorTest" time="0.77"/>
  <testcase classname="tests.RandomNumberGeneratorTests" name="RandomNumberGeneratorTest" time="0.858"/>
  <testcase classname="tests.RandomNumberGeneratorTests" name="RandomNumberGeneratorTest" time="0.84"/>
  <testcase classname="tests.RandomNumberGeneratorTests" name="RandomNumberGeneratorTest" time="1.016"/>
  <testcase classname="tests.RandomNumberGeneratorTests" name="RandomNumberGeneratorTest" time="0.822"/>
  <testcase classname="tests.RandomNumberGeneratorTests" name="RandomNumberGeneratorTest" time="1.017"/>
  <testcase classname="tests.RandomNumberGeneratorTests" name="RandomNumberGeneratorTest" time="0.886"/>
  <testcase classname="tests.RandomNumberGeneratorTests" name="RandomNumberGeneratorTest" time="0.848"/>
  <testcase classname="tests.RandomNumberGeneratorTests" name="RandomNumberGeneratorTest" time="1.198"/>
  <testcase classname="tests.RandomNumberGeneratorTests" name="RandomNumberGeneratorTest" time="0.913"/>
  <testcase classname="tests.RandomNumberGeneratorTests" name="RandomNumberGeneratorTest" time="1.21"/>
  <testcase classname="tests.RandomNumberGeneratorTests" name="RandomNumberGeneratorTest" time="0.811"/>
  <testcase classname="tests.RandomNumberGeneratorTests" name="RandomNumberGeneratorTest" time="1.215"/>
  <testcase classname="tests.RandomNumberGeneratorTests" name="RandomNumberGeneratorTest" time="1.499"/>
  <testcase classname="tests.RandomNumberGeneratorTests" name="RandomNumberGeneratorTest" time="1.424"/>
  <testcase classname="tests.RandomNumberGeneratorTests" name="RandomNumberGeneratorTest" time="1.368"/>
  <testcase classname="tests.RandomNumberGeneratorTests" name="RandomNumberGeneratorTest" time="1.21"/>
  <testcase classname="tests.RandomNumberGeneratorTests" name="RandomNumberGeneratorTest" time="0.909"/>
  <testcase classname="tests.RandomNumberGeneratorTests" name="RandomNumberGeneratorTest" time="0.97"/>
  <testcase classname="tests.RandomNumberGeneratorTests" name="RandomNumberGeneratorTest" time="0.988"/>
  <testcase classname="tests.RandomNumberGeneratorTests" name="RandomNumberGeneratorTest" time="1.104"/>
  <testcase classname="tests.RandomNumberGeneratorTests" name="RandomNumberGeneratorTest" time="1.184"/>
  <testcase classname="tests.RandomNumberGeneratorTests" name="RandomNumberGeneratorTest" time="1.092"/>
  <testcase classname="tests.RandomNumberGeneratorTests" name="RandomNumberGeneratorTest" time="1.207"/>
  <testcase classname="tests.RandomNumberGeneratorTests" name="RandomNumberGeneratorTest" time="0.892"/>
  <testcase classname="tests.RandomNumberGeneratorTests" name="RandomNumberGeneratorTest" time="1.034"/>
  <testcase classname="tests.RandomNumberGeneratorTests" name="RandomNumberGeneratorTest" time="1.265"/>
  <testcase classname="tests.RandomNumberGeneratorTests" name="RandomNumberGeneratorTest" time="1.313"/>
  <testcase classname="tests.RandomNumberGeneratorTests" name="RandomNumberGeneratorTest" time="1.319"/>
  <testcase classname="tests.RandomNumberGeneratorTests" name="RandomNumberGeneratorTest" time="1.34"/>
  <testcase classname="tests.RandomNumberGeneratorTests" name="RandomNumberGeneratorTest" time="1.189"/>
  <testcase classname="tests.RandomNumberGeneratorTests" name="RandomNumberGeneratorTest" time="1.093"/>
  <testcase classname="tests.RandomNumberGeneratorTests" name="RandomNumberGeneratorTest" time="1.38"/>
  <testcase classname="tests.RandomNumberGeneratorTests" name="RandomNumberGeneratorTest" time="1.304"/>
  <testcase classname="tests.RandomNumberGeneratorTests" name="RandomNumberGeneratorTest" time="1.432"/>
  <testcase classname="tests.RandomNumberGeneratorTests" name="RandomNumberGeneratorTest" time="0.96"/>
  <testcase classname="tests.RandomNumberGeneratorTests" name="RandomNumberGeneratorTest" time="1.149"/>
  <testcase classname="tests.RandomNumberGeneratorTests" name="RandomNumberGeneratorTest" time="1.13"/>
  <testcase classname="tests.RandomNumberGeneratorTests" name="RandomNumberGeneratorTest" time="1.447"/>
  <testcase classname="tests.RandomNumberGeneratorTests" name="RandomNumberGeneratorTest" time="1.283"/>
  <testcase classname="tests.RandomNumberGeneratorTests" name="RandomNumberGeneratorTest" time="1.069"/>
  <testcase classname="tests.RandomNumberGeneratorTests" name="RandomNumberGeneratorTest" time="1.356"/>
  <testcase classname="tests.RandomNumberGeneratorTests" name="RandomNumberGeneratorTest" time="1.364"/>
  <testcase classname="tests.RandomNumberGeneratorTests" name="RandomNumberGeneratorTest" time="1.364"/>
  <testcase classname="tests.RandomNumberGeneratorTests" name="RandomNumberGeneratorTest" time="1.384"/>
  <testcase classname="tests.RandomNumberGeneratorTests" name="RandomNumberGeneratorTest" time="1.134"/>
  <testcase classname="tests.RandomNumberGeneratorTests" name="RandomNumberGeneratorTest" time="1.94"/>
  <testcase classname="tests.RandomNumberGeneratorTests" name="RandomNumberGeneratorTest" time="1.04"/>
  <testcase classname="tests.RandomNumberGeneratorTests" name="RandomNumberGeneratorTest" time="1.174"/>
  <testcase classname="tests.RandomNumberGeneratorTests" name="RandomNumberGeneratorTest" time="1.161"/>
  <testcase classname="tests.RandomNumberGeneratorTests" name="RandomNumberGeneratorTest" time="1.311"/>
  <testcase classname="tests.RandomNumberGeneratorTests" name="RandomNumberGeneratorTest" time="1.2"/>
  <testcase classname="tests.RandomNumberGeneratorTests" name="RandomNumberGeneratorTest" time="1.411"/>
  <testcase classname="tests.RandomNumberGeneratorTests" name="RandomNumberGeneratorTest" time="1.329"/>
  <testcase classname="tests.RandomNumberGeneratorTests" name="RandomNumberGeneratorTest" time="1.167"/>
  <testcase classname="tests.RandomNumberGeneratorTests" name="RandomNumberGeneratorTest" time="1.198"/>
  <testcase classname="tests.RandomNumberGeneratorTests" name="RandomNumberGeneratorTest" time="1.413"/>
  <testcase classname="tests.RandomNumberGeneratorTests" name="RandomNumberGeneratorTest" time="1.099"/>
  <testcase classname="tests.RandomNumberGeneratorTests" name="RandomNumberGeneratorTest" time="1.048"/>
  <testcase classname="tests.RandomNumberGeneratorTests" name="RandomNumberGeneratorTest" time="0.869"/>
  <testcase classname="tests.RandomNumberGeneratorTests" name="RandomNumberGeneratorTest" time="1.014"/>
  <testcase classname="tests.RandomNumberGeneratorTests" name="RandomNumberGeneratorTest" time="0.874"/>
  <testcase classname="tests.RandomNumberGeneratorTests" name="RandomNumberGeneratorTest" time="0.969"/>
  <testcase classname="tests.RandomNumberGeneratorTests" name="RandomNumberGeneratorTest" time="1.036"/>
  <testcase classname="tests.RandomNumberGeneratorTests" name="RandomNumberGeneratorTest" time="1.016"/>
  <testcase classname="tests.RandomNumberGeneratorTests" name="RandomNumberGeneratorTest" time="1.158"/>
  <testcase classname="tests.RandomNumberGeneratorTests" name="RandomNumberGeneratorTest" time="1.132"/>
  <testcase classname="tests.RandomNumberGeneratorTests" name="RandomNumberGeneratorTest" time="1.155"/>
  <testcase classname="tests.RandomNumberGeneratorTests" name="RandomNumberGeneratorTest" time="1.768"/>
  <testcase classname="tests.RandomNumberGeneratorTests" name="RandomNumberGeneratorTest" time="1.484"/>
  <testcase classname="tests.RandomNumberGeneratorTests" name="RandomNumberGeneratorTest" time="1.524"/>
  <testcase classname="tests.RandomNumberGeneratorTests" name="RandomNumberGeneratorTest" time="1.125"/>
  <testcase classname="tests.RandomNumberGeneratorTests" name="RandomNumberGeneratorTest" time="1.162"/>
  <testcase classname="tests.RandomNumberGeneratorTests" name="RandomNumberGeneratorTest" time="1.359"/>
  <testcase classname="tests.RandomNumberGeneratorTests" name="RandomNumberGeneratorTest" time="1.429"/>
  <testcase classname="tests.RandomNumberGeneratorTests" name="RandomNumberGeneratorTest" time="1.478"/>
  <testcase classname="tests.RandomNumberGeneratorTests" name="RandomNumberGeneratorTest" time="1.583"/>
  <testcase classname="tests.RandomNumberGeneratorTests" name="RandomNumberGeneratorTest" time="1.353"/>
  <testcase classname="tests.RandomNumberGeneratorTests" name="RandomNumberGeneratorTest" time="1.106"/>
  <testcase classname="tests.RandomNumberGeneratorTests" name="RandomNumberGeneratorTest" time="1.21"/>
  <testcase classname="tests.RandomNumberGeneratorTests" name="RandomNumberGeneratorTest" time="1.344"/>
  <testcase classname="tests.RandomNumberGeneratorTests" name="RandomNumberGeneratorTest" time="1.437"/>
  <testcase classname="tests.RandomNumberGeneratorTests" name="RandomNumberGeneratorTest" time="1.696"/>
  <testcase classname="tests.RandomNumberGeneratorTests" name="RandomNumberGeneratorTest" time="2.412"/>
  <testcase classname="tests.RandomNumberGeneratorTests" name="RandomNumberGeneratorTest" time="1.943"/>
  <testcase classname="tests.RandomNumberGeneratorTests" name="RandomNumberGeneratorTest" time="2.508"/>
  <testcase classname="tests.RandomNumberGeneratorTests" name="RandomNumberGeneratorTest" time="2.462"/>
  <testcase classname="tests.RandomNumberGeneratorTests" name="RandomNumberGeneratorTest" time="2.387"/>
  <testcase classname="tests.RandomNumberGeneratorTests" name="RandomNumberGeneratorTest" time="2.431"/>
  <testcase classname="tests.RandomNumberGeneratorTests" name="RandomNumberGeneratorTest" time="2.149"/>
  <testcase classname="tests.RandomNumberGeneratorTests" name="RandomNumberGeneratorTest" time="2.245"/>
  <testcase classname="tests.RandomNumberGeneratorTests" name="RandomNumberGeneratorTest" time="2.077"/>
  <testcase classname="tests.RandomNumberGeneratorTests" name="RandomNumberGeneratorTest" time="2.35"/>
  <testcase classname="tests.RandomNumberGeneratorTests" name="RandomNumberGeneratorTest" time="2.656"/>
  <testcase classname="tests.RandomNumberGeneratorTests" name="RandomNumberGeneratorTest" time="2.323"/>
  <testcase classname="tests.RandomNumberGeneratorTests" name="RandomNumberGeneratorTest" time="2.171"/>
  <testcase classname="tests.RandomNumberGeneratorTests" name="RandomNumberGeneratorTest" time="2.089"/>
  <testcase classname="tests.RandomNumberGeneratorTests" name="RandomNumberGeneratorTest" time="2.01"/>
  <testcase classname="tests.RandomNumberGeneratorTests" name="RandomNumberGeneratorTest" time="2.372"/>
  <testcase classname="tests.RandomNumberGeneratorTests" name="RandomNumberGeneratorTest" time="2.376"/>
  <testcase classname="tests.RandomNumberGeneratorTests" name="RandomNumberGeneratorTest" time="2.63"/>
  <testcase classname="tests.RandomNumberGeneratorTests" name="RandomNumberGeneratorTest" time="0.887"/>
  <testcase classname="tests.RandomNumberGeneratorTests" name="RandomNumberGeneratorTest" time="0.867"/>
  <testcase classname="tests.RandomNumberGeneratorTests" name="RandomNumberGeneratorTest" time="0.806"/>
  <testcase classname="tests.RandomNumberGeneratorTests" name="RandomNumberGeneratorTest" time="0.872"/>
  <testcase classname="tests.RandomNumberGeneratorTests" name="RandomNumberGeneratorTest" time="0.773"/>
  <testcase classname="tests.RandomNumberGeneratorTests" name="RandomNumberGeneratorTest" time="0.774"/>
  <testcase classname="tests.RandomNumberGeneratorTests" name="RandomNumberGeneratorTest" time="0.829"/>
  <testcase classname="tests.RandomNumberGeneratorTests" name="RandomNumberGeneratorTest" time="0.783"/>
  <testcase classname="tests.RandomNumberGeneratorTests" name="RandomNumberGeneratorTest" time="0.864"/>
  <testcase classname="tests.RandomNumberGeneratorTests" name="RandomNumberGeneratorTest" time="0.94"/>
  <testcase classname="tests.RandomNumberGeneratorTests" name="RandomNumberGeneratorTest" time="0.859"/>
  <testcase classname="tests.RandomNumberGeneratorTests" name="RandomNumberGeneratorTest" time="0.789"/>
  <testcase classname="tests.RandomNumberGeneratorTests" name="RandomNumberGeneratorTest" time="0.833"/>
  <testcase classname="tests.RandomNumberGeneratorTests" name="RandomNumberGeneratorTest" time="0.743"/>
  <testcase classname="tests.RandomNumberGeneratorTests" name="RandomNumberGeneratorTest" time="0.759"/>
  <testcase classname="tests.RandomNumberGeneratorTests" name="RandomNumberGeneratorTest" time="0.912"/>
  <testcase classname="tests.RandomNumberGeneratorTests" name="RandomNumberGeneratorTest" time="0.917"/>
  <testcase classname="tests.RandomNumberGeneratorTests" name="RandomNumberGeneratorTest" time="0.874"/>
  <testcase classname="tests.RandomNumberGeneratorTests" name="RandomNumberGeneratorTest" time="0.824"/>
  <testcase classname="tests.RandomNumberGeneratorTests" name="RandomNumberGeneratorTest" time="0.841"/>
  <testcase classname="tests.RandomNumberGeneratorTests" name="RandomNumberGeneratorTest" time="0.842"/>
  <testcase classname="tests.RandomNumberGeneratorTests" name="RandomNumberGeneratorTest" time="0.844"/>
  <testcase classname="tests.RandomNumberGeneratorTests" name="RandomNumberGeneratorTest" time="0.882"/>
  <testcase classname="tests.RandomNumberGeneratorTests" name="RandomNumberGeneratorTest" time="0.84"/>
  <testcase classname="tests.RandomNumberGeneratorTests" name="RandomNumberGeneratorTest" time="0.788"/>
  <testcase classname="tests.RandomNumberGeneratorTests" name="RandomNumberGeneratorTest" time="0.734"/>
  <testcase classname="tests.RandomNumberGeneratorTests" name="RandomNumberGeneratorTest" time="0.772"/>
  <testcase classname="tests.RandomNumberGeneratorTests" name="RandomNumberGeneratorTest" time="0.831"/>
  <testcase classname="tests.RandomNumberGeneratorTests" name="RandomNumberGeneratorTest" time="0.821"/>
  <testcase classname="tests.RandomNumberGeneratorTests" name="RandomNumberGeneratorTest" time="0.841"/>
  <testcase classname="tests.RandomNumberGeneratorTests" name="RandomNumberGeneratorTest" time="0.821"/>
  <testcase classname="tests.RandomNumberGeneratorTests" name="RandomNumberGeneratorTest" time="0.903"/>
  <testcase classname="tests.RandomNumberGeneratorTests" name="RandomNumberGeneratorTest" time="0.757"/>
  <testcase classname="tests.RandomNumberGeneratorTests" name="RandomNumberGeneratorTest" time="0.882"/>
  <testcase classname="tests.RandomNumberGeneratorTests" name="RandomNumberGeneratorTest" time="0.86"/>
  <testcase classname="tests.RandomNumberGeneratorTests" name="RandomNumberGeneratorTest" time="0.849"/>
  <testcase classname="tests.RandomNumberGeneratorTests" name="RandomNumberGeneratorTest" time="0.874"/>
  <testcase classname="tests.RandomNumberGeneratorTests" name="RandomNumberGeneratorTest" time="0.811"/>
  <testcase classname="tests.RandomNumberGeneratorTests" name="RandomNumberGeneratorTest" time="0.863"/>
  <testcase classname="tests.RandomNumberGeneratorTests" name="RandomNumberGeneratorTest" time="1.09"/>
  <testcase classname="tests.RandomNumberGeneratorTests" name="RandomNumberGeneratorTest" time="1.039"/>
  <testcase classname="tests.RandomNumberGeneratorTests" name="RandomNumberGeneratorTest" time="1.011"/>
  <testcase classname="tests.RandomNumberGeneratorTests" name="RandomNumberGeneratorTest" time="0.888"/>
  <testcase classname="tests.RandomNumberGeneratorTests" name="RandomNumberGeneratorTest" time="0.798"/>
  <testcase classname="tests.RandomNumberGeneratorTests" name="RandomNumberGeneratorTest" time="0.906"/>
  <testcase classname="tests.RandomNumberGeneratorTests" name="RandomNumberGeneratorTest" time="0.924"/>
  <testcase classname="tests.RandomNumberGeneratorTests" name="RandomNumberGeneratorTest" time="1.011"/>
  <testcase classname="tests.RandomNumberGeneratorTests" name="RandomNumberGeneratorTest" time="0.969"/>
  <testcase classname="tests.RandomNumberGeneratorTests" name="RandomNumberGeneratorTest" time="0.84"/>
  <testcase classname="tests.RandomNumberGeneratorTests" name="RandomNumberGeneratorTest" time="1.002"/>
  <testcase classname="tests.RandomNumberGeneratorTests" name="RandomNumberGeneratorTest" time="0.902"/>
  <testcase classname="tests.RandomNumberGeneratorTests" name="RandomNumberGeneratorTest" time="1.027"/>
  <testcase classname="tests.RandomNumberGeneratorTests" name="RandomNumberGeneratorTest" time="1.061"/>
  <testcase classname="tests.RandomNumberGeneratorTests" name="RandomNumberGeneratorTest" time="1.029"/>
  <testcase classname="tests.RandomNumberGeneratorTests" name="RandomNumberGeneratorTest" time="1.718"/>
  <testcase classname="tests.RandomNumberGeneratorTests" name="RandomNumberGeneratorTest" time="1.083"/>
  <testcase classname="tests.RandomNumberGeneratorTests" name="RandomNumberGeneratorTest" time="1.275"/>
  <testcase classname="tests.RandomNumberGeneratorTests" name="RandomNumberGeneratorTest" time="1.152"/>
  <testcase classname="tests.RandomNumberGeneratorTests" name="RandomNumberGeneratorTest" time="1.155"/>
  <testcase classname="tests.RandomNumberGeneratorTests" name="RandomNumberGeneratorTest" time="1.186"/>
  <testcase classname="tests.RandomNumberGeneratorTests" name="RandomNumberGeneratorTest" time="1.096"/>
  <testcase classname="tests.RandomNumberGeneratorTests" name="RandomNumberGeneratorTest" time="1.186"/>
  <testcase classname="tests.RandomNumberGeneratorTests" name="RandomNumberGeneratorTest" time="1.142"/>
  <testcase classname="tests.RandomNumberGeneratorTests" name="RandomNumberGeneratorTest" time="1.466"/>
  <testcase classname="tests.RandomNumberGeneratorTests" name="RandomNumberGeneratorTest" time="1.43"/>
  <testcase classname="tests.RandomNumberGeneratorTests" name="RandomNumberGeneratorTest" time="1.241"/>
  <testcase classname="tests.RandomNumberGeneratorTests" name="RandomNumberGeneratorTest" time="1.087"/>
  <testcase classname="tests.RandomNumberGeneratorTests" name="RandomNumberGeneratorTest" time="1.227"/>
  <testcase classname="tests.RandomNumberGeneratorTests" name="RandomNumberGeneratorTest" time="1.19"/>
  <testcase classname="tests.RandomNumberGeneratorTests" name="RandomNumberGeneratorTest" time="1.269"/>
  <testcase classname="tests.RandomNumberGeneratorTests" name="RandomNumberGeneratorTest" time="1.463"/>
  <testcase classname="tests.RandomNumberGeneratorTests" name="RandomNumberGeneratorTest" time="1.215"/>
  <testcase classname="tests.RandomNumberGeneratorTests" name="RandomNumberGeneratorTest" time="1.44"/>
  <testcase classname="tests.RandomNumberGeneratorTests" name="RandomNumberGeneratorTest" time="1.348"/>
  <testcase classname="tests.RandomNumberGeneratorTests" name="RandomNumberGeneratorTest" time="1.487"/>
  <testcase classname="tests.RandomNumberGeneratorTests" name="RandomNumberGeneratorTest" time="1.91"/>
  <testcase classname="tests.RandomNumberGeneratorTests" name="RandomNumberGeneratorTest" time="1.856"/>
  <testcase classname="tests.RandomNumberGeneratorTests" name="RandomNumberGeneratorTest" time="1.865"/>
  <testcase classname="tests.RandomNumberGeneratorTests" name="RandomNumberGeneratorTest" time="1.605"/>
  <testcase classname="tests.RandomNumberGeneratorTests" name="RandomNumberGeneratorTest" time="1.489"/>
  <testcase classname="tests.RandomNumberGeneratorTests" name="RandomNumberGeneratorTest" time="1.241"/>
  <testcase classname="tests.RandomNumberGeneratorTests" name="RandomNumberGeneratorTest" time="1.854"/>
  <testcase classname="tests.RandomNumberGeneratorTests" name="RandomNumberGeneratorTest" time="1.856"/>
  <testcase classname="tests.RandomNumberGeneratorTests" name="RandomNumberGeneratorTest" time="1.681"/>
  <testcase classname="tests.RandomNumberGeneratorTests" name="RandomNumberGeneratorTest" time="1.411"/>
  <testcase classname="tests.RandomNumberGeneratorTests" name="RandomNumberGeneratorTest" time="1.558"/>
  <testcase classname="tests.RandomNumberGeneratorTests" name="RandomNumberGeneratorTest" time="1.43"/>
  <testcase classname="tests.RandomNumberGeneratorTests" name="RandomNumberGeneratorTest" time="1.499"/>
  <testcase classname="tests.RandomNumberGeneratorTests" name="RandomNumberGeneratorTest" time="1.39"/>
  <testcase classname="tests.RandomNumberGeneratorTests" name="RandomNumberGeneratorTest" time="1.744"/>
  <testcase classname="tests.RandomNumberGeneratorTests" name="RandomNumberGeneratorTest" time="2.547"/>
  <testcase classname="tests.RandomNumberGeneratorTests" name="RandomNumberGeneratorTest" time="2.307"/>
  <testcase classname="tests.RandomNumberGeneratorTests" name="RandomNumberGeneratorTest" time="2.188"/>
  <testcase classname="tests.RandomNumberGeneratorTests" name="RandomNumberGeneratorTest" time="2.612"/>
  <testcase classname="tests.RandomNumberGeneratorTests" name="RandomNumberGeneratorTest" time="2.615"/>
  <testcase classname="tests.RandomNumberGeneratorTests" name="RandomNumberGeneratorTest" time="2.492"/>
  <testcase classname="tests.RandomNumberGeneratorTests" name="RandomNumberGeneratorTest" time="2.234"/>
  <testcase classname="tests.RandomNumberGeneratorTests" name="RandomNumberGeneratorTest" time="2.115"/>
  <testcase classname="tests.RandomNumberGeneratorTests" name="RandomNumberGeneratorTest" time="2.496"/>
  <testcase classname="tests.RandomNumberGeneratorTests" name="RandomNumberGeneratorTest" time="2.537"/>
  <testcase classname="tests.RandomNumberGeneratorTests" name="RandomNumberGeneratorTest" time="2.242"/>
  <testcase classname="tests.RandomNumberGeneratorTests" name="RandomNumberGeneratorTest" time="2.349"/>
  <testcase classname="tests.RandomNumberGeneratorTests" name="RandomNumberGeneratorTest" time="2.12"/>
  <testcase classname="tests.RandomNumberGeneratorTests" name="RandomNumberGeneratorTest" time="2.097"/>
  <testcase classname="tests.RandomNumberGeneratorTests" name="RandomNumberGeneratorTest" time="2.195"/>
  <testcase classname="tests.RandomNumberGeneratorTests" name="RandomNumberGeneratorTest" time="2.282"/>
  <testcase classname="tests.RandomNumberGeneratorTests" name="RandomNumberGeneratorTest" time="2.298"/>
  <testcase classname="tests.RandomNumberGeneratorTests" name="RandomNumberGeneratorTest" time="2.218"/>
</testsuite> <!-- Default test -->
