<?xml version="1.0" encoding="UTF-8"?>
<testng-results skipped="0" failed="0" ignored="0" total="335" passed="335">
  <reporter-output>
  </reporter-output>
  <suite name="all tests" duration-ms="1911351" started-at="2019-11-19T11:42:34 IST" finished-at="2019-11-19T12:14:26 IST">
    <groups>
    </groups>
    <test name="dateDiff test" duration-ms="350934" started-at="2019-11-19T11:42:34 IST" finished-at="2019-11-19T11:48:25 IST">
      <class name="tests.DateDifferenceTests">
        <test-method status="PASS" signature="beforeMethod(java.lang.reflect.Method, [Ljava.lang.Object;)[pri:0, instance:tests.DateDifferenceTests@eec5a4a]" name="beforeMethod" is-config="true" duration-ms="2059" started-at="2019-11-19T11:42:34 IST" finished-at="2019-11-19T11:42:36 IST">
          <params>
            <param index="0">
              <value>
                <![CDATA[public void tests.DateDifferenceTests.DateDifference_HardCoded_EdgeCases_Test(java.lang.String,java.lang.String,java.lang.String,java.lang.String,java.lang.String,java.lang.String,boolean,java.lang.String)]]>
              </value>
            </param>
            <param index="1">
              <value>
                <![CDATA[[Ljava.lang.Object;@5d3fda9d]]>
              </value>
            </param>
          </params>
          <reporter-output>
          </reporter-output>
        </test-method> <!-- beforeMethod -->
        <test-method status="PASS" signature="DateDifference_HardCoded_EdgeCases_Test(java.lang.String, java.lang.String, java.lang.String, java.lang.String, java.lang.String, java.lang.String, boolean, java.lang.String)[pri:0, instance:tests.DateDifferenceTests@eec5a4a]" name="DateDifference_HardCoded_EdgeCases_Test" duration-ms="23586" started-at="2019-11-19T11:42:36 IST" data-provider="DateDifference_HardCoded_EdgeCases_DataProvider" finished-at="2019-11-19T11:43:00 IST">
          <params>
            <param index="0">
              <value>
                <![CDATA[1]]>
              </value>
            </param>
            <param index="1">
              <value>
                <![CDATA[1]]>
              </value>
            </param>
            <param index="2">
              <value>
                <![CDATA[2000]]>
              </value>
            </param>
            <param index="3">
              <value>
                <![CDATA[2]]>
              </value>
            </param>
            <param index="4">
              <value>
                <![CDATA[1]]>
              </value>
            </param>
            <param index="5">
              <value>
                <![CDATA[2000]]>
              </value>
            </param>
            <param index="6">
              <value>
                <![CDATA[false]]>
              </value>
            </param>
            <param index="7">
              <value>
                <![CDATA[1 calendar days
]]>
              </value>
            </param>
          </params>
          <reporter-output>
          </reporter-output>
        </test-method> <!-- DateDifference_HardCoded_EdgeCases_Test -->
        <test-method status="PASS" signature="beforeMethod(java.lang.reflect.Method, [Ljava.lang.Object;)[pri:0, instance:tests.DateDifferenceTests@eec5a4a]" name="beforeMethod" is-config="true" duration-ms="1505" started-at="2019-11-19T11:43:00 IST" finished-at="2019-11-19T11:43:01 IST">
          <params>
            <param index="0">
              <value>
                <![CDATA[public void tests.DateDifferenceTests.DateDifference_HardCoded_EdgeCases_Test(java.lang.String,java.lang.String,java.lang.String,java.lang.String,java.lang.String,java.lang.String,boolean,java.lang.String)]]>
              </value>
            </param>
            <param index="1">
              <value>
                <![CDATA[[Ljava.lang.Object;@e56bc1e]]>
              </value>
            </param>
          </params>
          <reporter-output>
          </reporter-output>
        </test-method> <!-- beforeMethod -->
        <test-method status="PASS" signature="afterMethod(org.testng.ITestResult)[pri:0, instance:tests.DateDifferenceTests@eec5a4a]" name="afterMethod" is-config="true" duration-ms="0" started-at="2019-11-19T11:43:00 IST" finished-at="2019-11-19T11:43:00 IST">
          <params>
            <param index="0">
              <value>
                <![CDATA[[TestResult name=DateDifference_HardCoded_EdgeCases_Test status=SUCCESS method=DateDifferenceTests.DateDifference_HardCoded_EdgeCases_Test(java.lang.String, java.lang.String, java.lang.String, java.lang.String, java.lang.String, java.lang.String, boolean, java.lang.String)[pri:0, instance:tests.DateDifferenceTests@eec5a4a] output={null}]]]>
              </value>
            </param>
          </params>
          <reporter-output>
          </reporter-output>
        </test-method> <!-- afterMethod -->
        <test-method status="PASS" signature="DateDifference_HardCoded_EdgeCases_Test(java.lang.String, java.lang.String, java.lang.String, java.lang.String, java.lang.String, java.lang.String, boolean, java.lang.String)[pri:0, instance:tests.DateDifferenceTests@eec5a4a]" name="DateDifference_HardCoded_EdgeCases_Test" duration-ms="2213" started-at="2019-11-19T11:43:01 IST" data-provider="DateDifference_HardCoded_EdgeCases_DataProvider" finished-at="2019-11-19T11:43:04 IST">
          <params>
            <param index="0">
              <value>
                <![CDATA[1]]>
              </value>
            </param>
            <param index="1">
              <value>
                <![CDATA[1]]>
              </value>
            </param>
            <param index="2">
              <value>
                <![CDATA[2000]]>
              </value>
            </param>
            <param index="3">
              <value>
                <![CDATA[2]]>
              </value>
            </param>
            <param index="4">
              <value>
                <![CDATA[1]]>
              </value>
            </param>
            <param index="5">
              <value>
                <![CDATA[2000]]>
              </value>
            </param>
            <param index="6">
              <value>
                <![CDATA[true]]>
              </value>
            </param>
            <param index="7">
              <value>
                <![CDATA[2 calendar days
]]>
              </value>
            </param>
          </params>
          <reporter-output>
          </reporter-output>
        </test-method> <!-- DateDifference_HardCoded_EdgeCases_Test -->
        <test-method status="PASS" signature="afterMethod(org.testng.ITestResult)[pri:0, instance:tests.DateDifferenceTests@eec5a4a]" name="afterMethod" is-config="true" duration-ms="1" started-at="2019-11-19T11:43:04 IST" finished-at="2019-11-19T11:43:04 IST">
          <params>
            <param index="0">
              <value>
                <![CDATA[[TestResult name=DateDifference_HardCoded_EdgeCases_Test status=SUCCESS method=DateDifferenceTests.DateDifference_HardCoded_EdgeCases_Test(java.lang.String, java.lang.String, java.lang.String, java.lang.String, java.lang.String, java.lang.String, boolean, java.lang.String)[pri:0, instance:tests.DateDifferenceTests@eec5a4a] output={null}]]]>
              </value>
            </param>
          </params>
          <reporter-output>
          </reporter-output>
        </test-method> <!-- afterMethod -->
        <test-method status="PASS" signature="beforeMethod(java.lang.reflect.Method, [Ljava.lang.Object;)[pri:0, instance:tests.DateDifferenceTests@eec5a4a]" name="beforeMethod" is-config="true" duration-ms="737" started-at="2019-11-19T11:43:04 IST" finished-at="2019-11-19T11:43:04 IST">
          <params>
            <param index="0">
              <value>
                <![CDATA[public void tests.DateDifferenceTests.DateDifference_HardCoded_EdgeCases_Test(java.lang.String,java.lang.String,java.lang.String,java.lang.String,java.lang.String,java.lang.String,boolean,java.lang.String)]]>
              </value>
            </param>
            <param index="1">
              <value>
                <![CDATA[[Ljava.lang.Object;@1fd360d7]]>
              </value>
            </param>
          </params>
          <reporter-output>
          </reporter-output>
        </test-method> <!-- beforeMethod -->
        <test-method status="PASS" signature="DateDifference_HardCoded_EdgeCases_Test(java.lang.String, java.lang.String, java.lang.String, java.lang.String, java.lang.String, java.lang.String, boolean, java.lang.String)[pri:0, instance:tests.DateDifferenceTests@eec5a4a]" name="DateDifference_HardCoded_EdgeCases_Test" duration-ms="2202" started-at="2019-11-19T11:43:04 IST" data-provider="DateDifference_HardCoded_EdgeCases_DataProvider" finished-at="2019-11-19T11:43:07 IST">
          <params>
            <param index="0">
              <value>
                <![CDATA[1]]>
              </value>
            </param>
            <param index="1">
              <value>
                <![CDATA[1]]>
              </value>
            </param>
            <param index="2">
              <value>
                <![CDATA[2000]]>
              </value>
            </param>
            <param index="3">
              <value>
                <![CDATA[7]]>
              </value>
            </param>
            <param index="4">
              <value>
                <![CDATA[1]]>
              </value>
            </param>
            <param index="5">
              <value>
                <![CDATA[2000]]>
              </value>
            </param>
            <param index="6">
              <value>
                <![CDATA[false]]>
              </value>
            </param>
            <param index="7">
              <value>
                <![CDATA[6 calendar days
]]>
              </value>
            </param>
          </params>
          <reporter-output>
          </reporter-output>
        </test-method> <!-- DateDifference_HardCoded_EdgeCases_Test -->
        <test-method status="PASS" signature="afterMethod(org.testng.ITestResult)[pri:0, instance:tests.DateDifferenceTests@eec5a4a]" name="afterMethod" is-config="true" duration-ms="0" started-at="2019-11-19T11:43:07 IST" finished-at="2019-11-19T11:43:07 IST">
          <params>
            <param index="0">
              <value>
                <![CDATA[[TestResult name=DateDifference_HardCoded_EdgeCases_Test status=SUCCESS method=DateDifferenceTests.DateDifference_HardCoded_EdgeCases_Test(java.lang.String, java.lang.String, java.lang.String, java.lang.String, java.lang.String, java.lang.String, boolean, java.lang.String)[pri:0, instance:tests.DateDifferenceTests@eec5a4a] output={null}]]]>
              </value>
            </param>
          </params>
          <reporter-output>
          </reporter-output>
        </test-method> <!-- afterMethod -->
        <test-method status="PASS" signature="beforeMethod(java.lang.reflect.Method, [Ljava.lang.Object;)[pri:0, instance:tests.DateDifferenceTests@eec5a4a]" name="beforeMethod" is-config="true" duration-ms="1190" started-at="2019-11-19T11:43:07 IST" finished-at="2019-11-19T11:43:08 IST">
          <params>
            <param index="0">
              <value>
                <![CDATA[public void tests.DateDifferenceTests.DateDifference_HardCoded_EdgeCases_Test(java.lang.String,java.lang.String,java.lang.String,java.lang.String,java.lang.String,java.lang.String,boolean,java.lang.String)]]>
              </value>
            </param>
            <param index="1">
              <value>
                <![CDATA[[Ljava.lang.Object;@4dbc76a]]>
              </value>
            </param>
          </params>
          <reporter-output>
          </reporter-output>
        </test-method> <!-- beforeMethod -->
        <test-method status="PASS" signature="DateDifference_HardCoded_EdgeCases_Test(java.lang.String, java.lang.String, java.lang.String, java.lang.String, java.lang.String, java.lang.String, boolean, java.lang.String)[pri:0, instance:tests.DateDifferenceTests@eec5a4a]" name="DateDifference_HardCoded_EdgeCases_Test" duration-ms="22945" started-at="2019-11-19T11:43:08 IST" data-provider="DateDifference_HardCoded_EdgeCases_DataProvider" finished-at="2019-11-19T11:43:31 IST">
          <params>
            <param index="0">
              <value>
                <![CDATA[1]]>
              </value>
            </param>
            <param index="1">
              <value>
                <![CDATA[1]]>
              </value>
            </param>
            <param index="2">
              <value>
                <![CDATA[2000]]>
              </value>
            </param>
            <param index="3">
              <value>
                <![CDATA[7]]>
              </value>
            </param>
            <param index="4">
              <value>
                <![CDATA[1]]>
              </value>
            </param>
            <param index="5">
              <value>
                <![CDATA[2000]]>
              </value>
            </param>
            <param index="6">
              <value>
                <![CDATA[true]]>
              </value>
            </param>
            <param index="7">
              <value>
                <![CDATA[1 weeks 0 days
or 7 calendar days]]>
              </value>
            </param>
          </params>
          <reporter-output>
          </reporter-output>
        </test-method> <!-- DateDifference_HardCoded_EdgeCases_Test -->
        <test-method status="PASS" signature="afterMethod(org.testng.ITestResult)[pri:0, instance:tests.DateDifferenceTests@eec5a4a]" name="afterMethod" is-config="true" duration-ms="1" started-at="2019-11-19T11:43:31 IST" finished-at="2019-11-19T11:43:31 IST">
          <params>
            <param index="0">
              <value>
                <![CDATA[[TestResult name=DateDifference_HardCoded_EdgeCases_Test status=SUCCESS method=DateDifferenceTests.DateDifference_HardCoded_EdgeCases_Test(java.lang.String, java.lang.String, java.lang.String, java.lang.String, java.lang.String, java.lang.String, boolean, java.lang.String)[pri:0, instance:tests.DateDifferenceTests@eec5a4a] output={null}]]]>
              </value>
            </param>
          </params>
          <reporter-output>
          </reporter-output>
        </test-method> <!-- afterMethod -->
        <test-method status="PASS" signature="beforeMethod(java.lang.reflect.Method, [Ljava.lang.Object;)[pri:0, instance:tests.DateDifferenceTests@eec5a4a]" name="beforeMethod" is-config="true" duration-ms="22090" started-at="2019-11-19T11:43:31 IST" finished-at="2019-11-19T11:43:53 IST">
          <params>
            <param index="0">
              <value>
                <![CDATA[public void tests.DateDifferenceTests.DateDifference_HardCoded_EdgeCases_Test(java.lang.String,java.lang.String,java.lang.String,java.lang.String,java.lang.String,java.lang.String,boolean,java.lang.String)]]>
              </value>
            </param>
            <param index="1">
              <value>
                <![CDATA[[Ljava.lang.Object;@27931e5e]]>
              </value>
            </param>
          </params>
          <reporter-output>
          </reporter-output>
        </test-method> <!-- beforeMethod -->
        <test-method status="PASS" signature="DateDifference_HardCoded_EdgeCases_Test(java.lang.String, java.lang.String, java.lang.String, java.lang.String, java.lang.String, java.lang.String, boolean, java.lang.String)[pri:0, instance:tests.DateDifferenceTests@eec5a4a]" name="DateDifference_HardCoded_EdgeCases_Test" duration-ms="23188" started-at="2019-11-19T11:43:53 IST" data-provider="DateDifference_HardCoded_EdgeCases_DataProvider" finished-at="2019-11-19T11:44:16 IST">
          <params>
            <param index="0">
              <value>
                <![CDATA[1]]>
              </value>
            </param>
            <param index="1">
              <value>
                <![CDATA[1]]>
              </value>
            </param>
            <param index="2">
              <value>
                <![CDATA[2000]]>
              </value>
            </param>
            <param index="3">
              <value>
                <![CDATA[31]]>
              </value>
            </param>
            <param index="4">
              <value>
                <![CDATA[1]]>
              </value>
            </param>
            <param index="5">
              <value>
                <![CDATA[2000]]>
              </value>
            </param>
            <param index="6">
              <value>
                <![CDATA[false]]>
              </value>
            </param>
            <param index="7">
              <value>
                <![CDATA[4 weeks 2 days
or 30 calendar days]]>
              </value>
            </param>
          </params>
          <reporter-output>
          </reporter-output>
        </test-method> <!-- DateDifference_HardCoded_EdgeCases_Test -->
        <test-method status="PASS" signature="afterMethod(org.testng.ITestResult)[pri:0, instance:tests.DateDifferenceTests@eec5a4a]" name="afterMethod" is-config="true" duration-ms="0" started-at="2019-11-19T11:44:16 IST" finished-at="2019-11-19T11:44:16 IST">
          <params>
            <param index="0">
              <value>
                <![CDATA[[TestResult name=DateDifference_HardCoded_EdgeCases_Test status=SUCCESS method=DateDifferenceTests.DateDifference_HardCoded_EdgeCases_Test(java.lang.String, java.lang.String, java.lang.String, java.lang.String, java.lang.String, java.lang.String, boolean, java.lang.String)[pri:0, instance:tests.DateDifferenceTests@eec5a4a] output={null}]]]>
              </value>
            </param>
          </params>
          <reporter-output>
          </reporter-output>
        </test-method> <!-- afterMethod -->
        <test-method status="PASS" signature="beforeMethod(java.lang.reflect.Method, [Ljava.lang.Object;)[pri:0, instance:tests.DateDifferenceTests@eec5a4a]" name="beforeMethod" is-config="true" duration-ms="22073" started-at="2019-11-19T11:44:16 IST" finished-at="2019-11-19T11:44:38 IST">
          <params>
            <param index="0">
              <value>
                <![CDATA[public void tests.DateDifferenceTests.DateDifference_HardCoded_EdgeCases_Test(java.lang.String,java.lang.String,java.lang.String,java.lang.String,java.lang.String,java.lang.String,boolean,java.lang.String)]]>
              </value>
            </param>
            <param index="1">
              <value>
                <![CDATA[[Ljava.lang.Object;@1c1ef0fe]]>
              </value>
            </param>
          </params>
          <reporter-output>
          </reporter-output>
        </test-method> <!-- beforeMethod -->
        <test-method status="PASS" signature="DateDifference_HardCoded_EdgeCases_Test(java.lang.String, java.lang.String, java.lang.String, java.lang.String, java.lang.String, java.lang.String, boolean, java.lang.String)[pri:0, instance:tests.DateDifferenceTests@eec5a4a]" name="DateDifference_HardCoded_EdgeCases_Test" duration-ms="23263" started-at="2019-11-19T11:44:38 IST" data-provider="DateDifference_HardCoded_EdgeCases_DataProvider" finished-at="2019-11-19T11:45:01 IST">
          <params>
            <param index="0">
              <value>
                <![CDATA[1]]>
              </value>
            </param>
            <param index="1">
              <value>
                <![CDATA[1]]>
              </value>
            </param>
            <param index="2">
              <value>
                <![CDATA[2000]]>
              </value>
            </param>
            <param index="3">
              <value>
                <![CDATA[31]]>
              </value>
            </param>
            <param index="4">
              <value>
                <![CDATA[1]]>
              </value>
            </param>
            <param index="5">
              <value>
                <![CDATA[2000]]>
              </value>
            </param>
            <param index="6">
              <value>
                <![CDATA[true]]>
              </value>
            </param>
            <param index="7">
              <value>
                <![CDATA[1 months 0 days
or 4 weeks 3 days
or 31 calendar days]]>
              </value>
            </param>
          </params>
          <reporter-output>
          </reporter-output>
        </test-method> <!-- DateDifference_HardCoded_EdgeCases_Test -->
        <test-method status="PASS" signature="afterMethod(org.testng.ITestResult)[pri:0, instance:tests.DateDifferenceTests@eec5a4a]" name="afterMethod" is-config="true" duration-ms="1" started-at="2019-11-19T11:45:01 IST" finished-at="2019-11-19T11:45:01 IST">
          <params>
            <param index="0">
              <value>
                <![CDATA[[TestResult name=DateDifference_HardCoded_EdgeCases_Test status=SUCCESS method=DateDifferenceTests.DateDifference_HardCoded_EdgeCases_Test(java.lang.String, java.lang.String, java.lang.String, java.lang.String, java.lang.String, java.lang.String, boolean, java.lang.String)[pri:0, instance:tests.DateDifferenceTests@eec5a4a] output={null}]]]>
              </value>
            </param>
          </params>
          <reporter-output>
          </reporter-output>
        </test-method> <!-- afterMethod -->
        <test-method status="PASS" signature="beforeMethod(java.lang.reflect.Method, [Ljava.lang.Object;)[pri:0, instance:tests.DateDifferenceTests@eec5a4a]" name="beforeMethod" is-config="true" duration-ms="22104" started-at="2019-11-19T11:45:01 IST" finished-at="2019-11-19T11:45:23 IST">
          <params>
            <param index="0">
              <value>
                <![CDATA[public void tests.DateDifferenceTests.DateDifference_HardCoded_EdgeCases_Test(java.lang.String,java.lang.String,java.lang.String,java.lang.String,java.lang.String,java.lang.String,boolean,java.lang.String)]]>
              </value>
            </param>
            <param index="1">
              <value>
                <![CDATA[[Ljava.lang.Object;@18cfee72]]>
              </value>
            </param>
          </params>
          <reporter-output>
          </reporter-output>
        </test-method> <!-- beforeMethod -->
        <test-method status="PASS" signature="DateDifference_HardCoded_EdgeCases_Test(java.lang.String, java.lang.String, java.lang.String, java.lang.String, java.lang.String, java.lang.String, boolean, java.lang.String)[pri:0, instance:tests.DateDifferenceTests@eec5a4a]" name="DateDifference_HardCoded_EdgeCases_Test" duration-ms="23242" started-at="2019-11-19T11:45:23 IST" data-provider="DateDifference_HardCoded_EdgeCases_DataProvider" finished-at="2019-11-19T11:45:47 IST">
          <params>
            <param index="0">
              <value>
                <![CDATA[1]]>
              </value>
            </param>
            <param index="1">
              <value>
                <![CDATA[1]]>
              </value>
            </param>
            <param index="2">
              <value>
                <![CDATA[2000]]>
              </value>
            </param>
            <param index="3">
              <value>
                <![CDATA[1]]>
              </value>
            </param>
            <param index="4">
              <value>
                <![CDATA[1]]>
              </value>
            </param>
            <param index="5">
              <value>
                <![CDATA[2001]]>
              </value>
            </param>
            <param index="6">
              <value>
                <![CDATA[false]]>
              </value>
            </param>
            <param index="7">
              <value>
                <![CDATA[1 years 0 months 0 days
or 12 months 0 days
or 52 weeks 2 days
or 366 calendar days]]>
              </value>
            </param>
          </params>
          <reporter-output>
          </reporter-output>
        </test-method> <!-- DateDifference_HardCoded_EdgeCases_Test -->
        <test-method status="PASS" signature="beforeMethod(java.lang.reflect.Method, [Ljava.lang.Object;)[pri:0, instance:tests.DateDifferenceTests@eec5a4a]" name="beforeMethod" is-config="true" duration-ms="22059" started-at="2019-11-19T11:45:47 IST" finished-at="2019-11-19T11:46:09 IST">
          <params>
            <param index="0">
              <value>
                <![CDATA[public void tests.DateDifferenceTests.DateDifference_HardCoded_EdgeCases_Test(java.lang.String,java.lang.String,java.lang.String,java.lang.String,java.lang.String,java.lang.String,boolean,java.lang.String)]]>
              </value>
            </param>
            <param index="1">
              <value>
                <![CDATA[[Ljava.lang.Object;@42f58a96]]>
              </value>
            </param>
          </params>
          <reporter-output>
          </reporter-output>
        </test-method> <!-- beforeMethod -->
        <test-method status="PASS" signature="afterMethod(org.testng.ITestResult)[pri:0, instance:tests.DateDifferenceTests@eec5a4a]" name="afterMethod" is-config="true" duration-ms="0" started-at="2019-11-19T11:45:47 IST" finished-at="2019-11-19T11:45:47 IST">
          <params>
            <param index="0">
              <value>
                <![CDATA[[TestResult name=DateDifference_HardCoded_EdgeCases_Test status=SUCCESS method=DateDifferenceTests.DateDifference_HardCoded_EdgeCases_Test(java.lang.String, java.lang.String, java.lang.String, java.lang.String, java.lang.String, java.lang.String, boolean, java.lang.String)[pri:0, instance:tests.DateDifferenceTests@eec5a4a] output={null}]]]>
              </value>
            </param>
          </params>
          <reporter-output>
          </reporter-output>
        </test-method> <!-- afterMethod -->
        <test-method status="PASS" signature="DateDifference_HardCoded_EdgeCases_Test(java.lang.String, java.lang.String, java.lang.String, java.lang.String, java.lang.String, java.lang.String, boolean, java.lang.String)[pri:0, instance:tests.DateDifferenceTests@eec5a4a]" name="DateDifference_HardCoded_EdgeCases_Test" duration-ms="23331" started-at="2019-11-19T11:46:09 IST" data-provider="DateDifference_HardCoded_EdgeCases_DataProvider" finished-at="2019-11-19T11:46:32 IST">
          <params>
            <param index="0">
              <value>
                <![CDATA[1]]>
              </value>
            </param>
            <param index="1">
              <value>
                <![CDATA[1]]>
              </value>
            </param>
            <param index="2">
              <value>
                <![CDATA[2000]]>
              </value>
            </param>
            <param index="3">
              <value>
                <![CDATA[1]]>
              </value>
            </param>
            <param index="4">
              <value>
                <![CDATA[1]]>
              </value>
            </param>
            <param index="5">
              <value>
                <![CDATA[2001]]>
              </value>
            </param>
            <param index="6">
              <value>
                <![CDATA[true]]>
              </value>
            </param>
            <param index="7">
              <value>
                <![CDATA[1 years 0 months 1 days
or 12 months 1 days
or 52 weeks 3 days
or 367 calendar days]]>
              </value>
            </param>
          </params>
          <reporter-output>
          </reporter-output>
        </test-method> <!-- DateDifference_HardCoded_EdgeCases_Test -->
        <test-method status="PASS" signature="afterMethod(org.testng.ITestResult)[pri:0, instance:tests.DateDifferenceTests@eec5a4a]" name="afterMethod" is-config="true" duration-ms="1" started-at="2019-11-19T11:46:32 IST" finished-at="2019-11-19T11:46:32 IST">
          <params>
            <param index="0">
              <value>
                <![CDATA[[TestResult name=DateDifference_HardCoded_EdgeCases_Test status=SUCCESS method=DateDifferenceTests.DateDifference_HardCoded_EdgeCases_Test(java.lang.String, java.lang.String, java.lang.String, java.lang.String, java.lang.String, java.lang.String, boolean, java.lang.String)[pri:0, instance:tests.DateDifferenceTests@eec5a4a] output={null}]]]>
              </value>
            </param>
          </params>
          <reporter-output>
          </reporter-output>
        </test-method> <!-- afterMethod -->
        <test-method status="PASS" signature="beforeMethod(java.lang.reflect.Method, [Ljava.lang.Object;)[pri:0, instance:tests.DateDifferenceTests@eec5a4a]" name="beforeMethod" is-config="true" duration-ms="22029" started-at="2019-11-19T11:46:32 IST" finished-at="2019-11-19T11:46:54 IST">
          <params>
            <param index="0">
              <value>
                <![CDATA[public void tests.DateDifferenceTests.DateDifference_HardCoded_Sanity_Test(java.lang.String,java.lang.String,java.lang.String,java.lang.String,java.lang.String,java.lang.String,boolean,java.lang.String)]]>
              </value>
            </param>
            <param index="1">
              <value>
                <![CDATA[[Ljava.lang.Object;@7dab0d78]]>
              </value>
            </param>
          </params>
          <reporter-output>
          </reporter-output>
        </test-method> <!-- beforeMethod -->
        <test-method status="PASS" signature="DateDifference_HardCoded_Sanity_Test(java.lang.String, java.lang.String, java.lang.String, java.lang.String, java.lang.String, java.lang.String, boolean, java.lang.String)[pri:0, instance:tests.DateDifferenceTests@eec5a4a]" name="DateDifference_HardCoded_Sanity_Test" duration-ms="23355" started-at="2019-11-19T11:46:54 IST" data-provider="DateDifference_HardCoded_Sanity_DataProvider" finished-at="2019-11-19T11:47:17 IST">
          <params>
            <param index="0">
              <value>
                <![CDATA[21]]>
              </value>
            </param>
            <param index="1">
              <value>
                <![CDATA[Nov]]>
              </value>
            </param>
            <param index="2">
              <value>
                <![CDATA[1997]]>
              </value>
            </param>
            <param index="3">
              <value>
                <![CDATA[30]]>
              </value>
            </param>
            <param index="4">
              <value>
                <![CDATA[Oct]]>
              </value>
            </param>
            <param index="5">
              <value>
                <![CDATA[2019]]>
              </value>
            </param>
            <param index="6">
              <value>
                <![CDATA[false]]>
              </value>
            </param>
            <param index="7">
              <value>
                <![CDATA[21 years 11 months 9 days
or 263 months 9 days
or 1144 weeks 5 days
or 8013 calendar days]]>
              </value>
            </param>
          </params>
          <reporter-output>
          </reporter-output>
        </test-method> <!-- DateDifference_HardCoded_Sanity_Test -->
        <test-method status="PASS" signature="afterMethod(org.testng.ITestResult)[pri:0, instance:tests.DateDifferenceTests@eec5a4a]" name="afterMethod" is-config="true" duration-ms="0" started-at="2019-11-19T11:47:17 IST" finished-at="2019-11-19T11:47:17 IST">
          <params>
            <param index="0">
              <value>
                <![CDATA[[TestResult name=DateDifference_HardCoded_Sanity_Test status=SUCCESS method=DateDifferenceTests.DateDifference_HardCoded_Sanity_Test(java.lang.String, java.lang.String, java.lang.String, java.lang.String, java.lang.String, java.lang.String, boolean, java.lang.String)[pri:0, instance:tests.DateDifferenceTests@eec5a4a] output={null}]]]>
              </value>
            </param>
          </params>
          <reporter-output>
          </reporter-output>
        </test-method> <!-- afterMethod -->
        <test-method status="PASS" signature="beforeMethod(java.lang.reflect.Method, [Ljava.lang.Object;)[pri:0, instance:tests.DateDifferenceTests@eec5a4a]" name="beforeMethod" is-config="true" duration-ms="22190" started-at="2019-11-19T11:47:17 IST" finished-at="2019-11-19T11:47:40 IST">
          <params>
            <param index="0">
              <value>
                <![CDATA[public void tests.DateDifferenceTests.DateDifference_HardCoded_Sanity_Test(java.lang.String,java.lang.String,java.lang.String,java.lang.String,java.lang.String,java.lang.String,boolean,java.lang.String)]]>
              </value>
            </param>
            <param index="1">
              <value>
                <![CDATA[[Ljava.lang.Object;@16599b33]]>
              </value>
            </param>
          </params>
          <reporter-output>
          </reporter-output>
        </test-method> <!-- beforeMethod -->
        <test-method status="PASS" signature="DateDifference_HardCoded_Sanity_Test(java.lang.String, java.lang.String, java.lang.String, java.lang.String, java.lang.String, java.lang.String, boolean, java.lang.String)[pri:0, instance:tests.DateDifferenceTests@eec5a4a]" name="DateDifference_HardCoded_Sanity_Test" duration-ms="23290" started-at="2019-11-19T11:47:40 IST" data-provider="DateDifference_HardCoded_Sanity_DataProvider" finished-at="2019-11-19T11:48:03 IST">
          <params>
            <param index="0">
              <value>
                <![CDATA[21]]>
              </value>
            </param>
            <param index="1">
              <value>
                <![CDATA[Nov]]>
              </value>
            </param>
            <param index="2">
              <value>
                <![CDATA[1997]]>
              </value>
            </param>
            <param index="3">
              <value>
                <![CDATA[30]]>
              </value>
            </param>
            <param index="4">
              <value>
                <![CDATA[Oct]]>
              </value>
            </param>
            <param index="5">
              <value>
                <![CDATA[2019]]>
              </value>
            </param>
            <param index="6">
              <value>
                <![CDATA[true]]>
              </value>
            </param>
            <param index="7">
              <value>
                <![CDATA[21 years 11 months 10 days
or 263 months 10 days
or 1144 weeks 6 days
or 8014 calendar days]]>
              </value>
            </param>
          </params>
          <reporter-output>
          </reporter-output>
        </test-method> <!-- DateDifference_HardCoded_Sanity_Test -->
        <test-method status="PASS" signature="afterMethod(org.testng.ITestResult)[pri:0, instance:tests.DateDifferenceTests@eec5a4a]" name="afterMethod" is-config="true" duration-ms="0" started-at="2019-11-19T11:48:03 IST" finished-at="2019-11-19T11:48:03 IST">
          <params>
            <param index="0">
              <value>
                <![CDATA[[TestResult name=DateDifference_HardCoded_Sanity_Test status=SUCCESS method=DateDifferenceTests.DateDifference_HardCoded_Sanity_Test(java.lang.String, java.lang.String, java.lang.String, java.lang.String, java.lang.String, java.lang.String, boolean, java.lang.String)[pri:0, instance:tests.DateDifferenceTests@eec5a4a] output={null}]]]>
              </value>
            </param>
          </params>
          <reporter-output>
          </reporter-output>
        </test-method> <!-- afterMethod -->
        <test-method status="PASS" signature="beforeMethod(java.lang.reflect.Method, [Ljava.lang.Object;)[pri:0, instance:tests.DateDifferenceTests@eec5a4a]" name="beforeMethod" is-config="true" duration-ms="22034" started-at="2019-11-19T11:48:03 IST" finished-at="2019-11-19T11:48:25 IST">
          <params>
            <param index="0">
              <value>
                <![CDATA[public void tests.DateDifferenceTests.DateDifference_HardCoded_Sanity_Test(java.lang.String,java.lang.String,java.lang.String,java.lang.String,java.lang.String,java.lang.String,boolean,java.lang.String)]]>
              </value>
            </param>
            <param index="1">
              <value>
                <![CDATA[[Ljava.lang.Object;@71025bf4]]>
              </value>
            </param>
          </params>
          <reporter-output>
          </reporter-output>
        </test-method> <!-- beforeMethod -->
        <test-method status="PASS" signature="DateDifference_HardCoded_Sanity_Test(java.lang.String, java.lang.String, java.lang.String, java.lang.String, java.lang.String, java.lang.String, boolean, java.lang.String)[pri:0, instance:tests.DateDifferenceTests@eec5a4a]" name="DateDifference_HardCoded_Sanity_Test" duration-ms="189" started-at="2019-11-19T11:48:25 IST" data-provider="DateDifference_HardCoded_Sanity_DataProvider" finished-at="2019-11-19T11:48:25 IST">
          <params>
            <param index="0">
              <value>
                <![CDATA[32]]>
              </value>
            </param>
            <param index="1">
              <value>
                <![CDATA[Nov]]>
              </value>
            </param>
            <param index="2">
              <value>
                <![CDATA[1997]]>
              </value>
            </param>
            <param index="3">
              <value>
                <![CDATA[30]]>
              </value>
            </param>
            <param index="4">
              <value>
                <![CDATA[Oct]]>
              </value>
            </param>
            <param index="5">
              <value>
                <![CDATA[2019]]>
              </value>
            </param>
            <param index="6">
              <value>
                <![CDATA[false]]>
              </value>
            </param>
            <param index="7">
              <value>
                <![CDATA[result invalid]]>
              </value>
            </param>
          </params>
          <reporter-output>
          </reporter-output>
        </test-method> <!-- DateDifference_HardCoded_Sanity_Test -->
        <test-method status="PASS" signature="afterMethod(org.testng.ITestResult)[pri:0, instance:tests.DateDifferenceTests@eec5a4a]" name="afterMethod" is-config="true" duration-ms="0" started-at="2019-11-19T11:48:25 IST" finished-at="2019-11-19T11:48:25 IST">
          <params>
            <param index="0">
              <value>
                <![CDATA[[TestResult name=DateDifference_HardCoded_Sanity_Test status=SUCCESS method=DateDifferenceTests.DateDifference_HardCoded_Sanity_Test(java.lang.String, java.lang.String, java.lang.String, java.lang.String, java.lang.String, java.lang.String, boolean, java.lang.String)[pri:0, instance:tests.DateDifferenceTests@eec5a4a] output={null}]]]>
              </value>
            </param>
          </params>
          <reporter-output>
          </reporter-output>
        </test-method> <!-- afterMethod -->
      </class> <!-- tests.DateDifferenceTests -->
    </test> <!-- dateDiff test -->
    <test name="randGen test" duration-ms="1560302" started-at="2019-11-19T11:48:25 IST" finished-at="2019-11-19T12:14:26 IST">
      <class name="tests.RandomNumberGeneratorTests">
        <test-method status="PASS" signature="baseTestBeforeSuite()[pri:0, instance:tests.RandomNumberGeneratorTests@32709393]" name="baseTestBeforeSuite" is-config="true" duration-ms="13" started-at="2019-11-19T11:42:28 IST" finished-at="2019-11-19T11:42:28 IST">
          <reporter-output>
          </reporter-output>
        </test-method> <!-- baseTestBeforeSuite -->
        <test-method status="PASS" signature="beforeSuite()[pri:0, instance:tests.RandomNumberGeneratorTests@32709393]" name="beforeSuite" is-config="true" duration-ms="2638" started-at="2019-11-19T11:42:32 IST" depends-on-methods="tests.BaseTest.baseTestBeforeSuite" finished-at="2019-11-19T11:42:34 IST">
          <reporter-output>
          </reporter-output>
        </test-method> <!-- beforeSuite -->
        <test-method status="PASS" signature="beforeTest()[pri:0, instance:tests.RandomNumberGeneratorTests@32709393]" name="beforeTest" is-config="true" duration-ms="0" started-at="2019-11-19T11:48:25 IST" finished-at="2019-11-19T11:48:25 IST">
          <reporter-output>
          </reporter-output>
        </test-method> <!-- beforeTest -->
        <test-method status="PASS" signature="beforeMethod()[pri:0, instance:tests.RandomNumberGeneratorTests@32709393]" name="beforeMethod" is-config="true" duration-ms="2192" started-at="2019-11-19T11:48:25 IST" finished-at="2019-11-19T11:48:27 IST">
          <reporter-output>
          </reporter-output>
        </test-method> <!-- beforeMethod -->
        <test-method status="PASS" signature="RandomNumberGeneratorTest(double, double, int, boolean, java.lang.String, boolean, java.lang.String)[pri:0, instance:tests.RandomNumberGeneratorTests@32709393]" name="RandomNumberGeneratorTest" duration-ms="5262" started-at="2019-11-19T11:48:27 IST" data-provider="RandomNumberGeneratorDataProvider" finished-at="2019-11-19T11:48:33 IST">
          <params>
            <param index="0">
              <value>
                <![CDATA[-200.0]]>
              </value>
            </param>
            <param index="1">
              <value>
                <![CDATA[-100.0]]>
              </value>
            </param>
            <param index="2">
              <value>
                <![CDATA[1]]>
              </value>
            </param>
            <param index="3">
              <value>
                <![CDATA[true]]>
              </value>
            </param>
            <param index="4">
              <value>
                <![CDATA[Ascend]]>
              </value>
            </param>
            <param index="5">
              <value>
                <![CDATA[true]]>
              </value>
            </param>
            <param index="6">
              <value>
                <![CDATA[1]]>
              </value>
            </param>
          </params>
          <reporter-output>
          </reporter-output>
        </test-method> <!-- RandomNumberGeneratorTest -->
        <test-method status="PASS" signature="afterMethod(org.testng.ITestResult)[pri:0, instance:tests.RandomNumberGeneratorTests@32709393]" name="afterMethod" is-config="true" duration-ms="0" started-at="2019-11-19T11:48:33 IST" finished-at="2019-11-19T11:48:33 IST">
          <params>
            <param index="0">
              <value>
                <![CDATA[[TestResult name=RandomNumberGeneratorTest status=SUCCESS method=RandomNumberGeneratorTests.RandomNumberGeneratorTest(double, double, int, boolean, java.lang.String, boolean, java.lang.String)[pri:0, instance:tests.RandomNumberGeneratorTests@32709393] output={null}]]]>
              </value>
            </param>
          </params>
          <reporter-output>
          </reporter-output>
        </test-method> <!-- afterMethod -->
        <test-method status="PASS" signature="beforeMethod()[pri:0, instance:tests.RandomNumberGeneratorTests@32709393]" name="beforeMethod" is-config="true" duration-ms="3953" started-at="2019-11-19T11:48:33 IST" finished-at="2019-11-19T11:48:37 IST">
          <reporter-output>
          </reporter-output>
        </test-method> <!-- beforeMethod -->
        <test-method status="PASS" signature="RandomNumberGeneratorTest(double, double, int, boolean, java.lang.String, boolean, java.lang.String)[pri:0, instance:tests.RandomNumberGeneratorTests@32709393]" name="RandomNumberGeneratorTest" duration-ms="22478" started-at="2019-11-19T11:48:37 IST" data-provider="RandomNumberGeneratorDataProvider" finished-at="2019-11-19T11:48:59 IST">
          <params>
            <param index="0">
              <value>
                <![CDATA[-200.0]]>
              </value>
            </param>
            <param index="1">
              <value>
                <![CDATA[-100.0]]>
              </value>
            </param>
            <param index="2">
              <value>
                <![CDATA[1]]>
              </value>
            </param>
            <param index="3">
              <value>
                <![CDATA[true]]>
              </value>
            </param>
            <param index="4">
              <value>
                <![CDATA[Ascend]]>
              </value>
            </param>
            <param index="5">
              <value>
                <![CDATA[true]]>
              </value>
            </param>
            <param index="6">
              <value>
                <![CDATA[22]]>
              </value>
            </param>
          </params>
          <reporter-output>
          </reporter-output>
        </test-method> <!-- RandomNumberGeneratorTest -->
        <test-method status="PASS" signature="afterMethod(org.testng.ITestResult)[pri:0, instance:tests.RandomNumberGeneratorTests@32709393]" name="afterMethod" is-config="true" duration-ms="0" started-at="2019-11-19T11:48:59 IST" finished-at="2019-11-19T11:48:59 IST">
          <params>
            <param index="0">
              <value>
                <![CDATA[[TestResult name=RandomNumberGeneratorTest status=SUCCESS method=RandomNumberGeneratorTests.RandomNumberGeneratorTest(double, double, int, boolean, java.lang.String, boolean, java.lang.String)[pri:0, instance:tests.RandomNumberGeneratorTests@32709393] output={null}]]]>
              </value>
            </param>
          </params>
          <reporter-output>
          </reporter-output>
        </test-method> <!-- afterMethod -->
        <test-method status="PASS" signature="beforeMethod()[pri:0, instance:tests.RandomNumberGeneratorTests@32709393]" name="beforeMethod" is-config="true" duration-ms="4164" started-at="2019-11-19T11:48:59 IST" finished-at="2019-11-19T11:49:03 IST">
          <reporter-output>
          </reporter-output>
        </test-method> <!-- beforeMethod -->
        <test-method status="PASS" signature="RandomNumberGeneratorTest(double, double, int, boolean, java.lang.String, boolean, java.lang.String)[pri:0, instance:tests.RandomNumberGeneratorTests@32709393]" name="RandomNumberGeneratorTest" duration-ms="3961" started-at="2019-11-19T11:49:03 IST" data-provider="RandomNumberGeneratorDataProvider" finished-at="2019-11-19T11:49:07 IST">
          <params>
            <param index="0">
              <value>
                <![CDATA[-200.0]]>
              </value>
            </param>
            <param index="1">
              <value>
                <![CDATA[-100.0]]>
              </value>
            </param>
            <param index="2">
              <value>
                <![CDATA[1]]>
              </value>
            </param>
            <param index="3">
              <value>
                <![CDATA[true]]>
              </value>
            </param>
            <param index="4">
              <value>
                <![CDATA[Ascend]]>
              </value>
            </param>
            <param index="5">
              <value>
                <![CDATA[true]]>
              </value>
            </param>
            <param index="6">
              <value>
                <![CDATA[99]]>
              </value>
            </param>
          </params>
          <reporter-output>
          </reporter-output>
        </test-method> <!-- RandomNumberGeneratorTest -->
        <test-method status="PASS" signature="beforeMethod()[pri:0, instance:tests.RandomNumberGeneratorTests@32709393]" name="beforeMethod" is-config="true" duration-ms="1093" started-at="2019-11-19T11:49:07 IST" finished-at="2019-11-19T11:49:08 IST">
          <reporter-output>
          </reporter-output>
        </test-method> <!-- beforeMethod -->
        <test-method status="PASS" signature="afterMethod(org.testng.ITestResult)[pri:0, instance:tests.RandomNumberGeneratorTests@32709393]" name="afterMethod" is-config="true" duration-ms="0" started-at="2019-11-19T11:49:07 IST" finished-at="2019-11-19T11:49:07 IST">
          <params>
            <param index="0">
              <value>
                <![CDATA[[TestResult name=RandomNumberGeneratorTest status=SUCCESS method=RandomNumberGeneratorTests.RandomNumberGeneratorTest(double, double, int, boolean, java.lang.String, boolean, java.lang.String)[pri:0, instance:tests.RandomNumberGeneratorTests@32709393] output={null}]]]>
              </value>
            </param>
          </params>
          <reporter-output>
          </reporter-output>
        </test-method> <!-- afterMethod -->
        <test-method status="PASS" signature="RandomNumberGeneratorTest(double, double, int, boolean, java.lang.String, boolean, java.lang.String)[pri:0, instance:tests.RandomNumberGeneratorTests@32709393]" name="RandomNumberGeneratorTest" duration-ms="4431" started-at="2019-11-19T11:49:08 IST" data-provider="RandomNumberGeneratorDataProvider" finished-at="2019-11-19T11:49:13 IST">
          <params>
            <param index="0">
              <value>
                <![CDATA[-200.0]]>
              </value>
            </param>
            <param index="1">
              <value>
                <![CDATA[-100.0]]>
              </value>
            </param>
            <param index="2">
              <value>
                <![CDATA[1]]>
              </value>
            </param>
            <param index="3">
              <value>
                <![CDATA[true]]>
              </value>
            </param>
            <param index="4">
              <value>
                <![CDATA[Ascend]]>
              </value>
            </param>
            <param index="5">
              <value>
                <![CDATA[false]]>
              </value>
            </param>
            <param index="6">
              <value>
                <![CDATA[1]]>
              </value>
            </param>
          </params>
          <reporter-output>
          </reporter-output>
        </test-method> <!-- RandomNumberGeneratorTest -->
        <test-method status="PASS" signature="afterMethod(org.testng.ITestResult)[pri:0, instance:tests.RandomNumberGeneratorTests@32709393]" name="afterMethod" is-config="true" duration-ms="1" started-at="2019-11-19T11:49:13 IST" finished-at="2019-11-19T11:49:13 IST">
          <params>
            <param index="0">
              <value>
                <![CDATA[[TestResult name=RandomNumberGeneratorTest status=SUCCESS method=RandomNumberGeneratorTests.RandomNumberGeneratorTest(double, double, int, boolean, java.lang.String, boolean, java.lang.String)[pri:0, instance:tests.RandomNumberGeneratorTests@32709393] output={null}]]]>
              </value>
            </param>
          </params>
          <reporter-output>
          </reporter-output>
        </test-method> <!-- afterMethod -->
        <test-method status="PASS" signature="beforeMethod()[pri:0, instance:tests.RandomNumberGeneratorTests@32709393]" name="beforeMethod" is-config="true" duration-ms="3781" started-at="2019-11-19T11:49:13 IST" finished-at="2019-11-19T11:49:17 IST">
          <reporter-output>
          </reporter-output>
        </test-method> <!-- beforeMethod -->
        <test-method status="PASS" signature="RandomNumberGeneratorTest(double, double, int, boolean, java.lang.String, boolean, java.lang.String)[pri:0, instance:tests.RandomNumberGeneratorTests@32709393]" name="RandomNumberGeneratorTest" duration-ms="1523" started-at="2019-11-19T11:49:17 IST" data-provider="RandomNumberGeneratorDataProvider" finished-at="2019-11-19T11:49:18 IST">
          <params>
            <param index="0">
              <value>
                <![CDATA[-200.0]]>
              </value>
            </param>
            <param index="1">
              <value>
                <![CDATA[-100.0]]>
              </value>
            </param>
            <param index="2">
              <value>
                <![CDATA[1]]>
              </value>
            </param>
            <param index="3">
              <value>
                <![CDATA[true]]>
              </value>
            </param>
            <param index="4">
              <value>
                <![CDATA[Ascend]]>
              </value>
            </param>
            <param index="5">
              <value>
                <![CDATA[false]]>
              </value>
            </param>
            <param index="6">
              <value>
                <![CDATA[22]]>
              </value>
            </param>
          </params>
          <reporter-output>
          </reporter-output>
        </test-method> <!-- RandomNumberGeneratorTest -->
        <test-method status="PASS" signature="afterMethod(org.testng.ITestResult)[pri:0, instance:tests.RandomNumberGeneratorTests@32709393]" name="afterMethod" is-config="true" duration-ms="1" started-at="2019-11-19T11:49:18 IST" finished-at="2019-11-19T11:49:18 IST">
          <params>
            <param index="0">
              <value>
                <![CDATA[[TestResult name=RandomNumberGeneratorTest status=SUCCESS method=RandomNumberGeneratorTests.RandomNumberGeneratorTest(double, double, int, boolean, java.lang.String, boolean, java.lang.String)[pri:0, instance:tests.RandomNumberGeneratorTests@32709393] output={null}]]]>
              </value>
            </param>
          </params>
          <reporter-output>
          </reporter-output>
        </test-method> <!-- afterMethod -->
        <test-method status="PASS" signature="beforeMethod()[pri:0, instance:tests.RandomNumberGeneratorTests@32709393]" name="beforeMethod" is-config="true" duration-ms="2794" started-at="2019-11-19T11:49:18 IST" finished-at="2019-11-19T11:49:21 IST">
          <reporter-output>
          </reporter-output>
        </test-method> <!-- beforeMethod -->
        <test-method status="PASS" signature="RandomNumberGeneratorTest(double, double, int, boolean, java.lang.String, boolean, java.lang.String)[pri:0, instance:tests.RandomNumberGeneratorTests@32709393]" name="RandomNumberGeneratorTest" duration-ms="2123" started-at="2019-11-19T11:49:21 IST" data-provider="RandomNumberGeneratorDataProvider" finished-at="2019-11-19T11:49:23 IST">
          <params>
            <param index="0">
              <value>
                <![CDATA[-200.0]]>
              </value>
            </param>
            <param index="1">
              <value>
                <![CDATA[-100.0]]>
              </value>
            </param>
            <param index="2">
              <value>
                <![CDATA[1]]>
              </value>
            </param>
            <param index="3">
              <value>
                <![CDATA[true]]>
              </value>
            </param>
            <param index="4">
              <value>
                <![CDATA[Ascend]]>
              </value>
            </param>
            <param index="5">
              <value>
                <![CDATA[false]]>
              </value>
            </param>
            <param index="6">
              <value>
                <![CDATA[99]]>
              </value>
            </param>
          </params>
          <reporter-output>
          </reporter-output>
        </test-method> <!-- RandomNumberGeneratorTest -->
        <test-method status="PASS" signature="afterMethod(org.testng.ITestResult)[pri:0, instance:tests.RandomNumberGeneratorTests@32709393]" name="afterMethod" is-config="true" duration-ms="1" started-at="2019-11-19T11:49:23 IST" finished-at="2019-11-19T11:49:23 IST">
          <params>
            <param index="0">
              <value>
                <![CDATA[[TestResult name=RandomNumberGeneratorTest status=SUCCESS method=RandomNumberGeneratorTests.RandomNumberGeneratorTest(double, double, int, boolean, java.lang.String, boolean, java.lang.String)[pri:0, instance:tests.RandomNumberGeneratorTests@32709393] output={null}]]]>
              </value>
            </param>
          </params>
          <reporter-output>
          </reporter-output>
        </test-method> <!-- afterMethod -->
        <test-method status="PASS" signature="beforeMethod()[pri:0, instance:tests.RandomNumberGeneratorTests@32709393]" name="beforeMethod" is-config="true" duration-ms="2956" started-at="2019-11-19T11:49:23 IST" finished-at="2019-11-19T11:49:26 IST">
          <reporter-output>
          </reporter-output>
        </test-method> <!-- beforeMethod -->
        <test-method status="PASS" signature="RandomNumberGeneratorTest(double, double, int, boolean, java.lang.String, boolean, java.lang.String)[pri:0, instance:tests.RandomNumberGeneratorTests@32709393]" name="RandomNumberGeneratorTest" duration-ms="1542" started-at="2019-11-19T11:49:26 IST" data-provider="RandomNumberGeneratorDataProvider" finished-at="2019-11-19T11:49:28 IST">
          <params>
            <param index="0">
              <value>
                <![CDATA[-200.0]]>
              </value>
            </param>
            <param index="1">
              <value>
                <![CDATA[-100.0]]>
              </value>
            </param>
            <param index="2">
              <value>
                <![CDATA[1]]>
              </value>
            </param>
            <param index="3">
              <value>
                <![CDATA[true]]>
              </value>
            </param>
            <param index="4">
              <value>
                <![CDATA[Decend]]>
              </value>
            </param>
            <param index="5">
              <value>
                <![CDATA[true]]>
              </value>
            </param>
            <param index="6">
              <value>
                <![CDATA[1]]>
              </value>
            </param>
          </params>
          <reporter-output>
          </reporter-output>
        </test-method> <!-- RandomNumberGeneratorTest -->
        <test-method status="PASS" signature="afterMethod(org.testng.ITestResult)[pri:0, instance:tests.RandomNumberGeneratorTests@32709393]" name="afterMethod" is-config="true" duration-ms="0" started-at="2019-11-19T11:49:28 IST" finished-at="2019-11-19T11:49:28 IST">
          <params>
            <param index="0">
              <value>
                <![CDATA[[TestResult name=RandomNumberGeneratorTest status=SUCCESS method=RandomNumberGeneratorTests.RandomNumberGeneratorTest(double, double, int, boolean, java.lang.String, boolean, java.lang.String)[pri:0, instance:tests.RandomNumberGeneratorTests@32709393] output={null}]]]>
              </value>
            </param>
          </params>
          <reporter-output>
          </reporter-output>
        </test-method> <!-- afterMethod -->
        <test-method status="PASS" signature="beforeMethod()[pri:0, instance:tests.RandomNumberGeneratorTests@32709393]" name="beforeMethod" is-config="true" duration-ms="4714" started-at="2019-11-19T11:49:28 IST" finished-at="2019-11-19T11:49:32 IST">
          <reporter-output>
          </reporter-output>
        </test-method> <!-- beforeMethod -->
        <test-method status="PASS" signature="RandomNumberGeneratorTest(double, double, int, boolean, java.lang.String, boolean, java.lang.String)[pri:0, instance:tests.RandomNumberGeneratorTests@32709393]" name="RandomNumberGeneratorTest" duration-ms="23232" started-at="2019-11-19T11:49:32 IST" data-provider="RandomNumberGeneratorDataProvider" finished-at="2019-11-19T11:49:56 IST">
          <params>
            <param index="0">
              <value>
                <![CDATA[-200.0]]>
              </value>
            </param>
            <param index="1">
              <value>
                <![CDATA[-100.0]]>
              </value>
            </param>
            <param index="2">
              <value>
                <![CDATA[1]]>
              </value>
            </param>
            <param index="3">
              <value>
                <![CDATA[true]]>
              </value>
            </param>
            <param index="4">
              <value>
                <![CDATA[Decend]]>
              </value>
            </param>
            <param index="5">
              <value>
                <![CDATA[true]]>
              </value>
            </param>
            <param index="6">
              <value>
                <![CDATA[22]]>
              </value>
            </param>
          </params>
          <reporter-output>
          </reporter-output>
        </test-method> <!-- RandomNumberGeneratorTest -->
        <test-method status="PASS" signature="afterMethod(org.testng.ITestResult)[pri:0, instance:tests.RandomNumberGeneratorTests@32709393]" name="afterMethod" is-config="true" duration-ms="1" started-at="2019-11-19T11:49:56 IST" finished-at="2019-11-19T11:49:56 IST">
          <params>
            <param index="0">
              <value>
                <![CDATA[[TestResult name=RandomNumberGeneratorTest status=SUCCESS method=RandomNumberGeneratorTests.RandomNumberGeneratorTest(double, double, int, boolean, java.lang.String, boolean, java.lang.String)[pri:0, instance:tests.RandomNumberGeneratorTests@32709393] output={null}]]]>
              </value>
            </param>
          </params>
          <reporter-output>
          </reporter-output>
        </test-method> <!-- afterMethod -->
        <test-method status="PASS" signature="beforeMethod()[pri:0, instance:tests.RandomNumberGeneratorTests@32709393]" name="beforeMethod" is-config="true" duration-ms="24130" started-at="2019-11-19T11:49:56 IST" finished-at="2019-11-19T11:50:20 IST">
          <reporter-output>
          </reporter-output>
        </test-method> <!-- beforeMethod -->
        <test-method status="PASS" signature="RandomNumberGeneratorTest(double, double, int, boolean, java.lang.String, boolean, java.lang.String)[pri:0, instance:tests.RandomNumberGeneratorTests@32709393]" name="RandomNumberGeneratorTest" duration-ms="22512" started-at="2019-11-19T11:50:20 IST" data-provider="RandomNumberGeneratorDataProvider" finished-at="2019-11-19T11:50:42 IST">
          <params>
            <param index="0">
              <value>
                <![CDATA[-200.0]]>
              </value>
            </param>
            <param index="1">
              <value>
                <![CDATA[-100.0]]>
              </value>
            </param>
            <param index="2">
              <value>
                <![CDATA[1]]>
              </value>
            </param>
            <param index="3">
              <value>
                <![CDATA[true]]>
              </value>
            </param>
            <param index="4">
              <value>
                <![CDATA[Decend]]>
              </value>
            </param>
            <param index="5">
              <value>
                <![CDATA[true]]>
              </value>
            </param>
            <param index="6">
              <value>
                <![CDATA[99]]>
              </value>
            </param>
          </params>
          <reporter-output>
          </reporter-output>
        </test-method> <!-- RandomNumberGeneratorTest -->
        <test-method status="PASS" signature="afterMethod(org.testng.ITestResult)[pri:0, instance:tests.RandomNumberGeneratorTests@32709393]" name="afterMethod" is-config="true" duration-ms="0" started-at="2019-11-19T11:50:42 IST" finished-at="2019-11-19T11:50:42 IST">
          <params>
            <param index="0">
              <value>
                <![CDATA[[TestResult name=RandomNumberGeneratorTest status=SUCCESS method=RandomNumberGeneratorTests.RandomNumberGeneratorTest(double, double, int, boolean, java.lang.String, boolean, java.lang.String)[pri:0, instance:tests.RandomNumberGeneratorTests@32709393] output={null}]]]>
              </value>
            </param>
          </params>
          <reporter-output>
          </reporter-output>
        </test-method> <!-- afterMethod -->
        <test-method status="PASS" signature="beforeMethod()[pri:0, instance:tests.RandomNumberGeneratorTests@32709393]" name="beforeMethod" is-config="true" duration-ms="22331" started-at="2019-11-19T11:50:42 IST" finished-at="2019-11-19T11:51:04 IST">
          <reporter-output>
          </reporter-output>
        </test-method> <!-- beforeMethod -->
        <test-method status="PASS" signature="RandomNumberGeneratorTest(double, double, int, boolean, java.lang.String, boolean, java.lang.String)[pri:0, instance:tests.RandomNumberGeneratorTests@32709393]" name="RandomNumberGeneratorTest" duration-ms="22703" started-at="2019-11-19T11:51:04 IST" data-provider="RandomNumberGeneratorDataProvider" finished-at="2019-11-19T11:51:27 IST">
          <params>
            <param index="0">
              <value>
                <![CDATA[-200.0]]>
              </value>
            </param>
            <param index="1">
              <value>
                <![CDATA[-100.0]]>
              </value>
            </param>
            <param index="2">
              <value>
                <![CDATA[1]]>
              </value>
            </param>
            <param index="3">
              <value>
                <![CDATA[true]]>
              </value>
            </param>
            <param index="4">
              <value>
                <![CDATA[Decend]]>
              </value>
            </param>
            <param index="5">
              <value>
                <![CDATA[false]]>
              </value>
            </param>
            <param index="6">
              <value>
                <![CDATA[1]]>
              </value>
            </param>
          </params>
          <reporter-output>
          </reporter-output>
        </test-method> <!-- RandomNumberGeneratorTest -->
        <test-method status="PASS" signature="afterMethod(org.testng.ITestResult)[pri:0, instance:tests.RandomNumberGeneratorTests@32709393]" name="afterMethod" is-config="true" duration-ms="1" started-at="2019-11-19T11:51:27 IST" finished-at="2019-11-19T11:51:27 IST">
          <params>
            <param index="0">
              <value>
                <![CDATA[[TestResult name=RandomNumberGeneratorTest status=SUCCESS method=RandomNumberGeneratorTests.RandomNumberGeneratorTest(double, double, int, boolean, java.lang.String, boolean, java.lang.String)[pri:0, instance:tests.RandomNumberGeneratorTests@32709393] output={null}]]]>
              </value>
            </param>
          </params>
          <reporter-output>
          </reporter-output>
        </test-method> <!-- afterMethod -->
        <test-method status="PASS" signature="beforeMethod()[pri:0, instance:tests.RandomNumberGeneratorTests@32709393]" name="beforeMethod" is-config="true" duration-ms="22345" started-at="2019-11-19T11:51:27 IST" finished-at="2019-11-19T11:51:50 IST">
          <reporter-output>
          </reporter-output>
        </test-method> <!-- beforeMethod -->
        <test-method status="PASS" signature="RandomNumberGeneratorTest(double, double, int, boolean, java.lang.String, boolean, java.lang.String)[pri:0, instance:tests.RandomNumberGeneratorTests@32709393]" name="RandomNumberGeneratorTest" duration-ms="22707" started-at="2019-11-19T11:51:50 IST" data-provider="RandomNumberGeneratorDataProvider" finished-at="2019-11-19T11:52:12 IST">
          <params>
            <param index="0">
              <value>
                <![CDATA[-200.0]]>
              </value>
            </param>
            <param index="1">
              <value>
                <![CDATA[-100.0]]>
              </value>
            </param>
            <param index="2">
              <value>
                <![CDATA[1]]>
              </value>
            </param>
            <param index="3">
              <value>
                <![CDATA[true]]>
              </value>
            </param>
            <param index="4">
              <value>
                <![CDATA[Decend]]>
              </value>
            </param>
            <param index="5">
              <value>
                <![CDATA[false]]>
              </value>
            </param>
            <param index="6">
              <value>
                <![CDATA[22]]>
              </value>
            </param>
          </params>
          <reporter-output>
          </reporter-output>
        </test-method> <!-- RandomNumberGeneratorTest -->
        <test-method status="PASS" signature="beforeMethod()[pri:0, instance:tests.RandomNumberGeneratorTests@32709393]" name="beforeMethod" is-config="true" duration-ms="22356" started-at="2019-11-19T11:52:12 IST" finished-at="2019-11-19T11:52:35 IST">
          <reporter-output>
          </reporter-output>
        </test-method> <!-- beforeMethod -->
        <test-method status="PASS" signature="afterMethod(org.testng.ITestResult)[pri:0, instance:tests.RandomNumberGeneratorTests@32709393]" name="afterMethod" is-config="true" duration-ms="0" started-at="2019-11-19T11:52:12 IST" finished-at="2019-11-19T11:52:12 IST">
          <params>
            <param index="0">
              <value>
                <![CDATA[[TestResult name=RandomNumberGeneratorTest status=SUCCESS method=RandomNumberGeneratorTests.RandomNumberGeneratorTest(double, double, int, boolean, java.lang.String, boolean, java.lang.String)[pri:0, instance:tests.RandomNumberGeneratorTests@32709393] output={null}]]]>
              </value>
            </param>
          </params>
          <reporter-output>
          </reporter-output>
        </test-method> <!-- afterMethod -->
        <test-method status="PASS" signature="RandomNumberGeneratorTest(double, double, int, boolean, java.lang.String, boolean, java.lang.String)[pri:0, instance:tests.RandomNumberGeneratorTests@32709393]" name="RandomNumberGeneratorTest" duration-ms="16542" started-at="2019-11-19T11:52:35 IST" data-provider="RandomNumberGeneratorDataProvider" finished-at="2019-11-19T11:52:51 IST">
          <params>
            <param index="0">
              <value>
                <![CDATA[-200.0]]>
              </value>
            </param>
            <param index="1">
              <value>
                <![CDATA[-100.0]]>
              </value>
            </param>
            <param index="2">
              <value>
                <![CDATA[1]]>
              </value>
            </param>
            <param index="3">
              <value>
                <![CDATA[true]]>
              </value>
            </param>
            <param index="4">
              <value>
                <![CDATA[Decend]]>
              </value>
            </param>
            <param index="5">
              <value>
                <![CDATA[false]]>
              </value>
            </param>
            <param index="6">
              <value>
                <![CDATA[99]]>
              </value>
            </param>
          </params>
          <reporter-output>
          </reporter-output>
        </test-method> <!-- RandomNumberGeneratorTest -->
        <test-method status="PASS" signature="afterMethod(org.testng.ITestResult)[pri:0, instance:tests.RandomNumberGeneratorTests@32709393]" name="afterMethod" is-config="true" duration-ms="1" started-at="2019-11-19T11:52:51 IST" finished-at="2019-11-19T11:52:51 IST">
          <params>
            <param index="0">
              <value>
                <![CDATA[[TestResult name=RandomNumberGeneratorTest status=SUCCESS method=RandomNumberGeneratorTests.RandomNumberGeneratorTest(double, double, int, boolean, java.lang.String, boolean, java.lang.String)[pri:0, instance:tests.RandomNumberGeneratorTests@32709393] output={null}]]]>
              </value>
            </param>
          </params>
          <reporter-output>
          </reporter-output>
        </test-method> <!-- afterMethod -->
        <test-method status="PASS" signature="beforeMethod()[pri:0, instance:tests.RandomNumberGeneratorTests@32709393]" name="beforeMethod" is-config="true" duration-ms="22144" started-at="2019-11-19T11:52:51 IST" finished-at="2019-11-19T11:53:13 IST">
          <reporter-output>
          </reporter-output>
        </test-method> <!-- beforeMethod -->
        <test-method status="PASS" signature="RandomNumberGeneratorTest(double, double, int, boolean, java.lang.String, boolean, java.lang.String)[pri:0, instance:tests.RandomNumberGeneratorTests@32709393]" name="RandomNumberGeneratorTest" duration-ms="16848" started-at="2019-11-19T11:53:13 IST" data-provider="RandomNumberGeneratorDataProvider" finished-at="2019-11-19T11:53:30 IST">
          <params>
            <param index="0">
              <value>
                <![CDATA[-200.0]]>
              </value>
            </param>
            <param index="1">
              <value>
                <![CDATA[-100.0]]>
              </value>
            </param>
            <param index="2">
              <value>
                <![CDATA[1]]>
              </value>
            </param>
            <param index="3">
              <value>
                <![CDATA[true]]>
              </value>
            </param>
            <param index="4">
              <value>
                <![CDATA[None]]>
              </value>
            </param>
            <param index="5">
              <value>
                <![CDATA[true]]>
              </value>
            </param>
            <param index="6">
              <value>
                <![CDATA[1]]>
              </value>
            </param>
          </params>
          <reporter-output>
          </reporter-output>
        </test-method> <!-- RandomNumberGeneratorTest -->
        <test-method status="PASS" signature="afterMethod(org.testng.ITestResult)[pri:0, instance:tests.RandomNumberGeneratorTests@32709393]" name="afterMethod" is-config="true" duration-ms="1" started-at="2019-11-19T11:53:30 IST" finished-at="2019-11-19T11:53:30 IST">
          <params>
            <param index="0">
              <value>
                <![CDATA[[TestResult name=RandomNumberGeneratorTest status=SUCCESS method=RandomNumberGeneratorTests.RandomNumberGeneratorTest(double, double, int, boolean, java.lang.String, boolean, java.lang.String)[pri:0, instance:tests.RandomNumberGeneratorTests@32709393] output={null}]]]>
              </value>
            </param>
          </params>
          <reporter-output>
          </reporter-output>
        </test-method> <!-- afterMethod -->
        <test-method status="PASS" signature="beforeMethod()[pri:0, instance:tests.RandomNumberGeneratorTests@32709393]" name="beforeMethod" is-config="true" duration-ms="3318" started-at="2019-11-19T11:53:30 IST" finished-at="2019-11-19T11:53:33 IST">
          <reporter-output>
          </reporter-output>
        </test-method> <!-- beforeMethod -->
        <test-method status="PASS" signature="RandomNumberGeneratorTest(double, double, int, boolean, java.lang.String, boolean, java.lang.String)[pri:0, instance:tests.RandomNumberGeneratorTests@32709393]" name="RandomNumberGeneratorTest" duration-ms="16668" started-at="2019-11-19T11:53:33 IST" data-provider="RandomNumberGeneratorDataProvider" finished-at="2019-11-19T11:53:50 IST">
          <params>
            <param index="0">
              <value>
                <![CDATA[-200.0]]>
              </value>
            </param>
            <param index="1">
              <value>
                <![CDATA[-100.0]]>
              </value>
            </param>
            <param index="2">
              <value>
                <![CDATA[1]]>
              </value>
            </param>
            <param index="3">
              <value>
                <![CDATA[true]]>
              </value>
            </param>
            <param index="4">
              <value>
                <![CDATA[None]]>
              </value>
            </param>
            <param index="5">
              <value>
                <![CDATA[true]]>
              </value>
            </param>
            <param index="6">
              <value>
                <![CDATA[22]]>
              </value>
            </param>
          </params>
          <reporter-output>
          </reporter-output>
        </test-method> <!-- RandomNumberGeneratorTest -->
        <test-method status="PASS" signature="afterMethod(org.testng.ITestResult)[pri:0, instance:tests.RandomNumberGeneratorTests@32709393]" name="afterMethod" is-config="true" duration-ms="0" started-at="2019-11-19T11:53:50 IST" finished-at="2019-11-19T11:53:50 IST">
          <params>
            <param index="0">
              <value>
                <![CDATA[[TestResult name=RandomNumberGeneratorTest status=SUCCESS method=RandomNumberGeneratorTests.RandomNumberGeneratorTest(double, double, int, boolean, java.lang.String, boolean, java.lang.String)[pri:0, instance:tests.RandomNumberGeneratorTests@32709393] output={null}]]]>
              </value>
            </param>
          </params>
          <reporter-output>
          </reporter-output>
        </test-method> <!-- afterMethod -->
        <test-method status="PASS" signature="beforeMethod()[pri:0, instance:tests.RandomNumberGeneratorTests@32709393]" name="beforeMethod" is-config="true" duration-ms="1935" started-at="2019-11-19T11:53:50 IST" finished-at="2019-11-19T11:53:52 IST">
          <reporter-output>
          </reporter-output>
        </test-method> <!-- beforeMethod -->
        <test-method status="PASS" signature="RandomNumberGeneratorTest(double, double, int, boolean, java.lang.String, boolean, java.lang.String)[pri:0, instance:tests.RandomNumberGeneratorTests@32709393]" name="RandomNumberGeneratorTest" duration-ms="17074" started-at="2019-11-19T11:53:52 IST" data-provider="RandomNumberGeneratorDataProvider" finished-at="2019-11-19T11:54:09 IST">
          <params>
            <param index="0">
              <value>
                <![CDATA[-200.0]]>
              </value>
            </param>
            <param index="1">
              <value>
                <![CDATA[-100.0]]>
              </value>
            </param>
            <param index="2">
              <value>
                <![CDATA[1]]>
              </value>
            </param>
            <param index="3">
              <value>
                <![CDATA[true]]>
              </value>
            </param>
            <param index="4">
              <value>
                <![CDATA[None]]>
              </value>
            </param>
            <param index="5">
              <value>
                <![CDATA[true]]>
              </value>
            </param>
            <param index="6">
              <value>
                <![CDATA[99]]>
              </value>
            </param>
          </params>
[...]
        <test-method status="PASS" signature="RandomNumberGeneratorTest(double, double, int, boolean, java.lang.String, boolean, java.lang.String)[pri:0, instance:tests.RandomNumberGeneratorTests@32709393]" name="RandomNumberGeneratorTest" duration-ms="3619" started-at="2019-11-19T12:13:52 IST" data-provider="RandomNumberGeneratorDataProvider" finished-at="2019-11-19T12:13:56 IST">
          <params>
            <param index="0">
              <value>
                <![CDATA[0.0]]>
              </value>
            </param>
            <param index="1">
              <value>
                <![CDATA[100.0]]>
              </value>
            </param>
            <param index="2">
              <value>
                <![CDATA[20]]>
              </value>
            </param>
            <param index="3">
              <value>
                <![CDATA[false]]>
              </value>
            </param>
            <param index="4">
              <value>
                <![CDATA[Decend]]>
              </value>
            </param>
            <param index="5">
              <value>
                <![CDATA[false]]>
              </value>
            </param>
            <param index="6">
              <value>
                <![CDATA[99]]>
              </value>
            </param>
          </params>
          <reporter-output>
          </reporter-output>
        </test-method> <!-- RandomNumberGeneratorTest -->
        <test-method status="PASS" signature="beforeMethod()[pri:0, instance:tests.RandomNumberGeneratorTests@32709393]" name="beforeMethod" is-config="true" duration-ms="1173" started-at="2019-11-19T12:13:56 IST" finished-at="2019-11-19T12:13:57 IST">
          <reporter-output>
          </reporter-output>
        </test-method> <!-- beforeMethod -->
        <test-method status="PASS" signature="afterMethod(org.testng.ITestResult)[pri:0, instance:tests.RandomNumberGeneratorTests@32709393]" name="afterMethod" is-config="true" duration-ms="0" started-at="2019-11-19T12:13:56 IST" finished-at="2019-11-19T12:13:56 IST">
          <params>
            <param index="0">
              <value>
                <![CDATA[[TestResult name=RandomNumberGeneratorTest status=SUCCESS method=RandomNumberGeneratorTests.RandomNumberGeneratorTest(double, double, int, boolean, java.lang.String, boolean, java.lang.String)[pri:0, instance:tests.RandomNumberGeneratorTests@32709393] output={null}]]]>
              </value>
            </param>
          </params>
          <reporter-output>
          </reporter-output>
        </test-method> <!-- afterMethod -->
        <test-method status="PASS" signature="RandomNumberGeneratorTest(double, double, int, boolean, java.lang.String, boolean, java.lang.String)[pri:0, instance:tests.RandomNumberGeneratorTests@32709393]" name="RandomNumberGeneratorTest" duration-ms="3239" started-at="2019-11-19T12:13:57 IST" data-provider="RandomNumberGeneratorDataProvider" finished-at="2019-11-19T12:14:01 IST">
          <params>
            <param index="0">
              <value>
                <![CDATA[0.0]]>
              </value>
            </param>
            <param index="1">
              <value>
                <![CDATA[100.0]]>
              </value>
            </param>
            <param index="2">
              <value>
                <![CDATA[20]]>
              </value>
            </param>
            <param index="3">
              <value>
                <![CDATA[false]]>
              </value>
            </param>
            <param index="4">
              <value>
                <![CDATA[None]]>
              </value>
            </param>
            <param index="5">
              <value>
                <![CDATA[true]]>
              </value>
            </param>
            <param index="6">
              <value>
                <![CDATA[1]]>
              </value>
            </param>
          </params>
          <reporter-output>
          </reporter-output>
        </test-method> <!-- RandomNumberGeneratorTest -->
        <test-method status="PASS" signature="beforeMethod()[pri:0, instance:tests.RandomNumberGeneratorTests@32709393]" name="beforeMethod" is-config="true" duration-ms="1311" started-at="2019-11-19T12:14:01 IST" finished-at="2019-11-19T12:14:02 IST">
          <reporter-output>
          </reporter-output>
        </test-method> <!-- beforeMethod -->
        <test-method status="PASS" signature="afterMethod(org.testng.ITestResult)[pri:0, instance:tests.RandomNumberGeneratorTests@32709393]" name="afterMethod" is-config="true" duration-ms="0" started-at="2019-11-19T12:14:01 IST" finished-at="2019-11-19T12:14:01 IST">
          <params>
            <param index="0">
              <value>
                <![CDATA[[TestResult name=RandomNumberGeneratorTest status=SUCCESS method=RandomNumberGeneratorTests.RandomNumberGeneratorTest(double, double, int, boolean, java.lang.String, boolean, java.lang.String)[pri:0, instance:tests.RandomNumberGeneratorTests@32709393] output={null}]]]>
              </value>
            </param>
          </params>
          <reporter-output>
          </reporter-output>
        </test-method> <!-- afterMethod -->
        <test-method status="PASS" signature="RandomNumberGeneratorTest(double, double, int, boolean, java.lang.String, boolean, java.lang.String)[pri:0, instance:tests.RandomNumberGeneratorTests@32709393]" name="RandomNumberGeneratorTest" duration-ms="3178" started-at="2019-11-19T12:14:02 IST" data-provider="RandomNumberGeneratorDataProvider" finished-at="2019-11-19T12:14:05 IST">
          <params>
            <param index="0">
              <value>
                <![CDATA[0.0]]>
              </value>
            </param>
            <param index="1">
              <value>
                <![CDATA[100.0]]>
              </value>
            </param>
            <param index="2">
              <value>
                <![CDATA[20]]>
              </value>
            </param>
            <param index="3">
              <value>
                <![CDATA[false]]>
              </value>
            </param>
            <param index="4">
              <value>
                <![CDATA[None]]>
              </value>
            </param>
            <param index="5">
              <value>
                <![CDATA[true]]>
              </value>
            </param>
            <param index="6">
              <value>
                <![CDATA[22]]>
              </value>
            </param>
          </params>
          <reporter-output>
          </reporter-output>
        </test-method> <!-- RandomNumberGeneratorTest -->
        <test-method status="PASS" signature="afterMethod(org.testng.ITestResult)[pri:0, instance:tests.RandomNumberGeneratorTests@32709393]" name="afterMethod" is-config="true" duration-ms="1" started-at="2019-11-19T12:14:05 IST" finished-at="2019-11-19T12:14:05 IST">
          <params>
            <param index="0">
              <value>
                <![CDATA[[TestResult name=RandomNumberGeneratorTest status=SUCCESS method=RandomNumberGeneratorTests.RandomNumberGeneratorTest(double, double, int, boolean, java.lang.String, boolean, java.lang.String)[pri:0, instance:tests.RandomNumberGeneratorTests@32709393] output={null}]]]>
              </value>
            </param>
          </params>
          <reporter-output>
          </reporter-output>
        </test-method> <!-- afterMethod -->
        <test-method status="PASS" signature="beforeMethod()[pri:0, instance:tests.RandomNumberGeneratorTests@32709393]" name="beforeMethod" is-config="true" duration-ms="1176" started-at="2019-11-19T12:14:05 IST" finished-at="2019-11-19T12:14:06 IST">
          <reporter-output>
          </reporter-output>
        </test-method> <!-- beforeMethod -->
        <test-method status="PASS" signature="RandomNumberGeneratorTest(double, double, int, boolean, java.lang.String, boolean, java.lang.String)[pri:0, instance:tests.RandomNumberGeneratorTests@32709393]" name="RandomNumberGeneratorTest" duration-ms="3049" started-at="2019-11-19T12:14:06 IST" data-provider="RandomNumberGeneratorDataProvider" finished-at="2019-11-19T12:14:09 IST">
          <params>
            <param index="0">
              <value>
                <![CDATA[0.0]]>
              </value>
            </param>
            <param index="1">
              <value>
                <![CDATA[100.0]]>
              </value>
            </param>
            <param index="2">
              <value>
                <![CDATA[20]]>
              </value>
            </param>
            <param index="3">
              <value>
                <![CDATA[false]]>
              </value>
            </param>
            <param index="4">
              <value>
                <![CDATA[None]]>
              </value>
            </param>
            <param index="5">
              <value>
                <![CDATA[true]]>
              </value>
            </param>
            <param index="6">
              <value>
                <![CDATA[99]]>
              </value>
            </param>
          </params>
          <reporter-output>
          </reporter-output>
        </test-method> <!-- RandomNumberGeneratorTest -->
        <test-method status="PASS" signature="beforeMethod()[pri:0, instance:tests.RandomNumberGeneratorTests@32709393]" name="beforeMethod" is-config="true" duration-ms="1252" started-at="2019-11-19T12:14:09 IST" finished-at="2019-11-19T12:14:10 IST">
          <reporter-output>
          </reporter-output>
        </test-method> <!-- beforeMethod -->
        <test-method status="PASS" signature="afterMethod(org.testng.ITestResult)[pri:0, instance:tests.RandomNumberGeneratorTests@32709393]" name="afterMethod" is-config="true" duration-ms="0" started-at="2019-11-19T12:14:09 IST" finished-at="2019-11-19T12:14:09 IST">
          <params>
            <param index="0">
              <value>
                <![CDATA[[TestResult name=RandomNumberGeneratorTest status=SUCCESS method=RandomNumberGeneratorTests.RandomNumberGeneratorTest(double, double, int, boolean, java.lang.String, boolean, java.lang.String)[pri:0, instance:tests.RandomNumberGeneratorTests@32709393] output={null}]]]>
              </value>
            </param>
          </params>
          <reporter-output>
          </reporter-output>
        </test-method> <!-- afterMethod -->
        <test-method status="PASS" signature="RandomNumberGeneratorTest(double, double, int, boolean, java.lang.String, boolean, java.lang.String)[pri:0, instance:tests.RandomNumberGeneratorTests@32709393]" name="RandomNumberGeneratorTest" duration-ms="5156" started-at="2019-11-19T12:14:10 IST" data-provider="RandomNumberGeneratorDataProvider" finished-at="2019-11-19T12:14:16 IST">
          <params>
            <param index="0">
              <value>
                <![CDATA[0.0]]>
              </value>
            </param>
            <param index="1">
              <value>
                <![CDATA[100.0]]>
              </value>
            </param>
            <param index="2">
              <value>
                <![CDATA[20]]>
              </value>
            </param>
            <param index="3">
              <value>
                <![CDATA[false]]>
              </value>
            </param>
            <param index="4">
              <value>
                <![CDATA[None]]>
              </value>
            </param>
            <param index="5">
              <value>
                <![CDATA[false]]>
              </value>
            </param>
            <param index="6">
              <value>
                <![CDATA[1]]>
              </value>
            </param>
          </params>
          <reporter-output>
          </reporter-output>
        </test-method> <!-- RandomNumberGeneratorTest -->
        <test-method status="PASS" signature="afterMethod(org.testng.ITestResult)[pri:0, instance:tests.RandomNumberGeneratorTests@32709393]" name="afterMethod" is-config="true" duration-ms="1" started-at="2019-11-19T12:14:16 IST" finished-at="2019-11-19T12:14:16 IST">
          <params>
            <param index="0">
              <value>
                <![CDATA[[TestResult name=RandomNumberGeneratorTest status=SUCCESS method=RandomNumberGeneratorTests.RandomNumberGeneratorTest(double, double, int, boolean, java.lang.String, boolean, java.lang.String)[pri:0, instance:tests.RandomNumberGeneratorTests@32709393] output={null}]]]>
              </value>
            </param>
          </params>
          <reporter-output>
          </reporter-output>
        </test-method> <!-- afterMethod -->
        <test-method status="PASS" signature="beforeMethod()[pri:0, instance:tests.RandomNumberGeneratorTests@32709393]" name="beforeMethod" is-config="true" duration-ms="1158" started-at="2019-11-19T12:14:16 IST" finished-at="2019-11-19T12:14:17 IST">
          <reporter-output>
          </reporter-output>
        </test-method> <!-- beforeMethod -->
        <test-method status="PASS" signature="RandomNumberGeneratorTest(double, double, int, boolean, java.lang.String, boolean, java.lang.String)[pri:0, instance:tests.RandomNumberGeneratorTests@32709393]" name="RandomNumberGeneratorTest" duration-ms="3800" started-at="2019-11-19T12:14:17 IST" data-provider="RandomNumberGeneratorDataProvider" finished-at="2019-11-19T12:14:21 IST">
          <params>
            <param index="0">
              <value>
                <![CDATA[0.0]]>
              </value>
            </param>
            <param index="1">
              <value>
                <![CDATA[100.0]]>
              </value>
            </param>
            <param index="2">
              <value>
                <![CDATA[20]]>
              </value>
            </param>
            <param index="3">
              <value>
                <![CDATA[false]]>
              </value>
            </param>
            <param index="4">
              <value>
                <![CDATA[None]]>
              </value>
            </param>
            <param index="5">
              <value>
                <![CDATA[false]]>
              </value>
            </param>
            <param index="6">
              <value>
                <![CDATA[22]]>
              </value>
            </param>
          </params>
          <reporter-output>
          </reporter-output>
        </test-method> <!-- RandomNumberGeneratorTest -->
        <test-method status="PASS" signature="afterMethod(org.testng.ITestResult)[pri:0, instance:tests.RandomNumberGeneratorTests@32709393]" name="afterMethod" is-config="true" duration-ms="0" started-at="2019-11-19T12:14:21 IST" finished-at="2019-11-19T12:14:21 IST">
          <params>
            <param index="0">
              <value>
                <![CDATA[[TestResult name=RandomNumberGeneratorTest status=SUCCESS method=RandomNumberGeneratorTests.RandomNumberGeneratorTest(double, double, int, boolean, java.lang.String, boolean, java.lang.String)[pri:0, instance:tests.RandomNumberGeneratorTests@32709393] output={null}]]]>
              </value>
            </param>
          </params>
          <reporter-output>
          </reporter-output>
        </test-method> <!-- afterMethod -->
        <test-method status="PASS" signature="beforeMethod()[pri:0, instance:tests.RandomNumberGeneratorTests@32709393]" name="beforeMethod" is-config="true" duration-ms="1374" started-at="2019-11-19T12:14:21 IST" finished-at="2019-11-19T12:14:22 IST">
          <reporter-output>
          </reporter-output>
        </test-method> <!-- beforeMethod -->
        <test-method status="PASS" signature="RandomNumberGeneratorTest(double, double, int, boolean, java.lang.String, boolean, java.lang.String)[pri:0, instance:tests.RandomNumberGeneratorTests@32709393]" name="RandomNumberGeneratorTest" duration-ms="3621" started-at="2019-11-19T12:14:22 IST" data-provider="RandomNumberGeneratorDataProvider" finished-at="2019-11-19T12:14:26 IST">
          <params>
            <param index="0">
              <value>
                <![CDATA[0.0]]>
              </value>
            </param>
            <param index="1">
              <value>
                <![CDATA[100.0]]>
              </value>
            </param>
            <param index="2">
              <value>
                <![CDATA[20]]>
              </value>
            </param>
            <param index="3">
              <value>
                <![CDATA[false]]>
              </value>
            </param>
            <param index="4">
              <value>
                <![CDATA[None]]>
              </value>
            </param>
            <param index="5">
              <value>
                <![CDATA[false]]>
              </value>
            </param>
            <param index="6">
              <value>
                <![CDATA[99]]>
              </value>
            </param>
          </params>
          <reporter-output>
          </reporter-output>
        </test-method> <!-- RandomNumberGeneratorTest -->
        <test-method status="PASS" signature="afterMethod(org.testng.ITestResult)[pri:0, instance:tests.RandomNumberGeneratorTests@32709393]" name="afterMethod" is-config="true" duration-ms="0" started-at="2019-11-19T12:14:26 IST" finished-at="2019-11-19T12:14:26 IST">
          <params>
            <param index="0">
              <value>
                <![CDATA[[TestResult name=RandomNumberGeneratorTest status=SUCCESS method=RandomNumberGeneratorTests.RandomNumberGeneratorTest(double, double, int, boolean, java.lang.String, boolean, java.lang.String)[pri:0, instance:tests.RandomNumberGeneratorTests@32709393] output={null}]]]>
              </value>
            </param>
          </params>
          <reporter-output>
          </reporter-output>
        </test-method> <!-- afterMethod -->
        <test-method status="PASS" signature="baseTestAfterSuite()[pri:0, instance:tests.RandomNumberGeneratorTests@32709393]" name="baseTestAfterSuite" is-config="true" duration-ms="20" started-at="2019-11-19T12:14:28 IST" depends-on-methods="tests.RandomNumberGeneratorTests.AfterSuite" finished-at="2019-11-19T12:14:28 IST">
          <reporter-output>
          </reporter-output>
        </test-method> <!-- baseTestAfterSuite -->
        <test-method status="PASS" signature="AfterSuite()[pri:0, instance:tests.RandomNumberGeneratorTests@32709393]" name="AfterSuite" is-config="true" duration-ms="2264" started-at="2019-11-19T12:14:28 IST" finished-at="2019-11-19T12:14:30 IST">
          <reporter-output>
          </reporter-output>
        </test-method> <!-- AfterSuite -->
      </class> <!-- tests.RandomNumberGeneratorTests -->
      <class name="tests.DateDifferenceTests">
        <test-method status="PASS" signature="beforeSuite()[pri:0, instance:tests.DateDifferenceTests@eec5a4a]" name="beforeSuite" is-config="true" duration-ms="3852" started-at="2019-11-19T11:42:28 IST" depends-on-methods="tests.BaseTest.baseTestBeforeSuite" finished-at="2019-11-19T11:42:32 IST">
          <reporter-output>
          </reporter-output>
        </test-method> <!-- beforeSuite -->
        <test-method status="PASS" signature="AfterSuite()[pri:0, instance:tests.DateDifferenceTests@eec5a4a]" name="AfterSuite" is-config="true" duration-ms="2389" started-at="2019-11-19T12:14:26 IST" finished-at="2019-11-19T12:14:28 IST">
          <reporter-output>
          </reporter-output>
        </test-method> <!-- AfterSuite -->
      </class> <!-- tests.DateDifferenceTests -->
    </test> <!-- randGen test -->
  </suite> <!-- all tests -->
</testng-results>
